


=========[ Log Begin ]=============

DB_PATH : vcst_rtdb/.internal/svi/
MAX RESULTS : None
KEY_LIST : []
Open database : vcst_rtdb/.internal/svi/report.db
	Success!
Time start at : 1780827314.1401591
Time end at : 1780827314.1401947
	Elapsed : 3.552436828613281e-05
Close database : 
	Success!

=========[ Log End   ]=============



=========[ Log Begin ]=============

DB_PATH : vcst_rtdb/.internal/svi/
MAX RESULTS : None
KEY_LIST : []
Open database : vcst_rtdb/.internal/svi/report.db
	Success!
Time start at : 1780827319.3270218
Time end at : 1780827319.3270452
	Elapsed : 2.3365020751953125e-05
Close database : 
	Success!

=========[ Log End   ]=============
