


=========[ Log Begin ]=============

DB_PATH : vcst_rtdb/.internal/svi/
MAX RESULTS : None
KEY_LIST : []
Open database : vcst_rtdb/.internal/svi/report.db
	Success!
Time start at : 1781450565.7163584
Time end at : 1781450565.716381
	Elapsed : 2.2649765014648438e-05
Close database : 
	Success!

=========[ Log End   ]=============



=========[ Log Begin ]=============

DB_PATH : vcst_rtdb/.internal/svi/
MAX RESULTS : None
KEY_LIST : []
Open database : vcst_rtdb/.internal/svi/report.db
	Success!
Time start at : 1781450568.9002814
Time end at : 1781450568.9003105
	Elapsed : 2.9087066650390625e-05
Close database : 
	Success!

=========[ Log End   ]=============
