#######################################################################################
# log primitive debug message of FSDB dumping                                         #
# This is for R&D to analyze when there are issues happening when FSDB dump           #
#######################################################################################
ANF: vcsd_get_serial_mode_status('./simv: undefined symbol: vcsd_get_serial_mode_status')
ANF: vcsd_enable_sva_success_callback('./simv: undefined symbol: vcsd_enable_sva_success_callback')
ANF: vcsd_disable_sva_success_callback('./simv: undefined symbol: vcsd_disable_sva_success_callback')
ANF: vcsd_generate_forced_signal_list('./simv: undefined symbol: vcsd_generate_forced_signal_list')
ANF: vcsd_enable_forced_signal_track('./simv: undefined symbol: vcsd_enable_forced_signal_track')
ANF: vcsd_get_power_scope_name('./simv: undefined symbol: vcsd_get_power_scope_name')
ANF: vcsd_dump_var_vpdg('./simv: undefined symbol: vcsd_dump_var_vpdg')
ANF: vcsd_begin_no_value_var_info('./simv: undefined symbol: vcsd_begin_no_value_var_info')
ANF: vcsd_end_no_value_var_info('./simv: undefined symbol: vcsd_end_no_value_var_info')
ANF: vcsd_remove_xprop_merge_mode_callback('./simv: undefined symbol: vcsd_remove_xprop_merge_mode_callback')
ANF: vhpi_get_cb_info('./simv: undefined symbol: vhpi_get_cb_info')
ANF: vhpi_free_handle('./simv: undefined symbol: vhpi_free_handle')
ANF: vhpi_fetch_vcsd_handle('./simv: undefined symbol: vhpi_fetch_vcsd_handle')
ANF: vhpi_fetch_vpi_handle('./simv: undefined symbol: vhpi_fetch_vpi_handle')
ANF: vhpi_has_verilog_parent('./simv: undefined symbol: vhpi_has_verilog_parent')
ANF: vhpi_is_verilog_scope('./simv: undefined symbol: vhpi_is_verilog_scope')
ANF: scsd_xprop_is_enabled('./simv: undefined symbol: scsd_xprop_is_enabled')
ANF: scsd_xprop_sig_is_promoted('./simv: undefined symbol: scsd_xprop_sig_is_promoted')
ANF: scsd_xprop_int_xvalue('./simv: undefined symbol: scsd_xprop_int_xvalue')
ANF: scsd_xprop_bool_xvalue('./simv: undefined symbol: scsd_xprop_bool_xvalue')
ANF: scsd_xprop_enum_xvalue('./simv: undefined symbol: scsd_xprop_enum_xvalue')
ANF: scsd_xprop_register_merge_mode_cb('./simv: undefined symbol: scsd_xprop_register_merge_mode_cb')
ANF: scsd_xprop_delete_merge_mode_cb('./simv: undefined symbol: scsd_xprop_delete_merge_mode_cb')
ANF: scsd_xprop_get_merge_mode('./simv: undefined symbol: scsd_xprop_get_merge_mode')
ANF: scsd_thread_get_info('./simv: undefined symbol: scsd_thread_get_info')
ANF: scsd_thread_vc_init('./simv: undefined symbol: scsd_thread_vc_init')
ANF: scsd_master_set_delta_sync_cbk('./simv: undefined symbol: scsd_master_set_delta_sync_cbk')
ANF: scsd_fgp_get_fsdb_cores('./simv: undefined symbol: scsd_fgp_get_fsdb_cores')
ANF: scsd_fgp_get_is_cpu_affinity_disabled('./simv: undefined symbol: scsd_fgp_get_is_cpu_affinity_disabled')
ANF: vdi_dbg_set_client_control('./simv: undefined symbol: vdi_dbg_set_client_control')
ANF: vhdi_dt_get_type('./simv: undefined symbol: vhdi_dt_get_type')
ANF: vhdi_dt_get_key('./simv: undefined symbol: vhdi_dt_get_key')
ANF: vhdi_dt_get_vhdl_enum_info('./simv: undefined symbol: vhdi_dt_get_vhdl_enum_info')
ANF: vhdi_dt_get_vhdl_physical_info('./simv: undefined symbol: vhdi_dt_get_vhdl_physical_info')
ANF: vhdi_dt_get_vhdl_array_info('./simv: undefined symbol: vhdi_dt_get_vhdl_array_info')
ANF: vhdi_dt_get_vhdl_record_info('./simv: undefined symbol: vhdi_dt_get_vhdl_record_info')
ANF: vhdi_dt_get_vhdl_integer_range_info('./simv: undefined symbol: vhdi_dt_get_vhdl_integer_range_info')
ANF: vhdi_def_traverse_module('./simv: undefined symbol: vhdi_def_traverse_module')
ANF: vhdi_def_traverse_scope('./simv: undefined symbol: vhdi_def_traverse_scope')
ANF: vhdi_def_traverse_variable('./simv: undefined symbol: vhdi_def_traverse_variable')
ANF: vhdi_def_get_module_id_by_vhpi('./simv: undefined symbol: vhdi_def_get_module_id_by_vhpi')
ANF: vhdi_def_get_handle_by_module_id('./simv: undefined symbol: vhdi_def_get_handle_by_module_id')
ANF: vhdi_def_get_variable_info_by_vhpi('./simv: undefined symbol: vhdi_def_get_variable_info_by_vhpi')
ANF: vhdi_def_free('./simv: undefined symbol: vhdi_def_free')
ANF: vhdi_ist_traverse_scope('./simv: undefined symbol: vhdi_ist_traverse_scope')
ANF: vhdi_ist_traverse_variable('./simv: undefined symbol: vhdi_ist_traverse_variable')
ANF: vhdi_ist_convert_by_vhpi('./simv: undefined symbol: vhdi_ist_convert_by_vhpi')
ANF: vhdi_ist_clone('./simv: undefined symbol: vhdi_ist_clone')
ANF: vhdi_ist_free('./simv: undefined symbol: vhdi_ist_free')
ANF: vhdi_ist_hash_key('./simv: undefined symbol: vhdi_ist_hash_key')
ANF: vhdi_ist_compare('./simv: undefined symbol: vhdi_ist_compare')
ANF: vhdi_ist_get_value_addr('./simv: undefined symbol: vhdi_ist_get_value_addr')
ANF: vhdi_set_scsd_callback('./simv: undefined symbol: vhdi_set_scsd_callback')
ANF: vhdi_cbk_set_force_callback('./simv: undefined symbol: vhdi_cbk_set_force_callback')
ANF: vhdi_trigger_init_force('./simv: undefined symbol: vhdi_trigger_init_force')
ANF: vhdi_ist_check_scsd_callback('./simv: undefined symbol: vhdi_ist_check_scsd_callback')
ANF: vhdi_ist_add_scsd_callback('./simv: undefined symbol: vhdi_ist_add_scsd_callback')
ANF: vhdi_ist_remove_scsd_callback('./simv: undefined symbol: vhdi_ist_remove_scsd_callback')
ANF: vhdi_ist_get_scsd_user_data('./simv: undefined symbol: vhdi_ist_get_scsd_user_data')
ANF: vhdi_add_time_change_callback('./simv: undefined symbol: vhdi_add_time_change_callback')
ANF: vhdi_get_real_value_by_value_addr('./simv: undefined symbol: vhdi_get_real_value_by_value_addr')
ANF: vhdi_get_64_value_by_value_addr('./simv: undefined symbol: vhdi_get_64_value_by_value_addr')
ANF: vhdi_xprop_inst_is_promoted('./simv: undefined symbol: vhdi_xprop_inst_is_promoted')
ANF: vdi_ist_convert_by_vhdi('./simv: undefined symbol: vdi_ist_convert_by_vhdi')
ANF: vhdi_ist_get_module_id('./simv: undefined symbol: vhdi_ist_get_module_id')
ANF: vhdi_refine_foreign_scope_type('./simv: undefined symbol: vhdi_refine_foreign_scope_type')
ANF: vhdi_flush_callback('./simv: undefined symbol: vhdi_flush_callback')
ANF: vhdi_set_orig_name('./simv: undefined symbol: vhdi_set_orig_name')
ANF: vhdi_set_dump_pt('./simv: undefined symbol: vhdi_set_dump_pt')
ANF: vhdi_set_int_subtype('./simv: undefined symbol: vhdi_set_int_subtype')
ANF: vhdi_set_fixed_point('./simv: undefined symbol: vhdi_set_fixed_point')
ANF: vhdi_get_fsdb_option('./simv: undefined symbol: vhdi_get_fsdb_option')
ANF: vhdi_fgp_get_mode('./simv: undefined symbol: vhdi_fgp_get_mode')
ANF: vhdi_node_register_composite_var('./simv: undefined symbol: vhdi_node_register_composite_var')
ANF: vhdi_node_analysis('./simv: undefined symbol: vhdi_node_analysis')
ANF: vhdi_node_id('./simv: undefined symbol: vhdi_node_id')
ANF: vhdi_node_ist_check_scsd_callback('./simv: undefined symbol: vhdi_node_ist_check_scsd_callback')
ANF: vhdi_node_ist_add_scsd_callback('./simv: undefined symbol: vhdi_node_ist_add_scsd_callback')
ANF: vhdi_node_ist_get_value_addr('./simv: undefined symbol: vhdi_node_ist_get_value_addr')
ANF: vhdi_enc_def_traverse_module('./simv: undefined symbol: vhdi_enc_def_traverse_module')
ANF: vhdi_enc_def_traverse_scope('./simv: undefined symbol: vhdi_enc_def_traverse_scope')
ANF: vhdi_enc_def_traverse_variable('./simv: undefined symbol: vhdi_enc_def_traverse_variable')
ANF: vhdi_enc_ist_traverse_scope('./simv: undefined symbol: vhdi_enc_ist_traverse_scope')
ANF: vhdi_enc_ist_traverse_variable('./simv: undefined symbol: vhdi_enc_ist_traverse_variable')
ANF: vhdi_enc_ist_get_module_id('./simv: undefined symbol: vhdi_enc_ist_get_module_id')
ANF: vhdi_enc_def_get_handle_by_module_id('./simv: undefined symbol: vhdi_enc_def_get_handle_by_module_id')
VCS compile option:
 option[0]: ./simv
 option[1]: +vmm_test=basic_qspi_psram_test
 option[2]: -l
 option[3]: sim.log
 option[4]: /tools/Synopsys/vcs/X-2025.06/linux64/bin/vcs1fe
 option[5]: -Mcc=gcc
 option[6]: -Mcplusplus=g++
 option[7]: -Masflags=
 option[8]: -Mcfl= -pipe -fPIC -O -I/tools/Synopsys/vcs/X-2025.06/include 
 option[9]: -Mxllcflags=
 option[10]: -Mxcflags= -pipe -fPIC -I/tools/Synopsys/vcs/X-2025.06/include
 option[11]: -Mldflags= -rdynamic 
 option[12]: -Mout=simv
 option[13]: -Mamsrun=
 option[14]: -Mvcsaceobjs=
 option[15]: -Mobjects= /tools/Synopsys/vcs/X-2025.06/linux64/lib/libvirsim.so /tools/Synopsys/vcs/X-2025.06/linux64/lib/liberrorinf.so /tools/Synopsys/vcs/X-2025.06/linux64/lib/libsnpsmalloc.so /tools/Synopsys/vcs/X-2025.06/linux64/lib/libvfs.so 
 option[16]: -Mexternalobj=
 option[17]: -Msaverestoreobj=/tools/Synopsys/vcs/X-2025.06/linux64/lib/vcs_save_restore_new.o
 option[18]: -Mcrt0=
 option[19]: -Mcrtn=
 option[20]: -Mcsrc=
 option[21]: -Msyslibs=/tools/Synopsys/verdi/X-2025.06/share/PLI/VCS/LINUX64/pli.a -ldl 
 option[22]: -l
 option[23]: comp.log
 option[24]: -full64
 option[25]: -timescale=1ns/1ps
 option[26]: -kdb
 option[27]: -Xufe=2steps
 option[28]: -debug_access+all
 option[29]: +vpi
 option[30]: +vcsd1
 option[31]: +itf+/tools/Synopsys/vcs/X-2025.06/linux64/lib/vcsdp_lite.tab
 option[32]: +define+WAVES_FSDB
 option[33]: -top
 option[34]: test_top
 option[35]: -Xhdlxmropt
 option[36]: -picarchive
 option[37]: -P
 option[38]: /tools/Synopsys/verdi/X-2025.06/share/PLI/VCS/LINUX64/verdi.tab
 option[39]: -fsdb
 option[40]: -sverilog
 option[41]: -gen_obj
 option[42]: +incdir+.
 option[43]: +incdir+./env
 option[44]: +incdir+./tests
 option[45]: -Xfile_begin_f=filelist.f
 option[46]: +incdir+.
 option[47]: +incdir+./env
 option[48]: +incdir+./tests
 option[49]: -Xfile_begin_f=/home/ltthinh/PSRAM_CTRL/rtl/filelist.f
 option[50]: /home/ltthinh/PSRAM_CTRL/rtl/m_vlsi_synch.sv
 option[51]: -Xfile_end
 option[52]: ./env/m_vlsi_psram_sp.sv
 option[53]: -Xfile_end
 option[54]: -load
 option[55]: /tools/Synopsys/verdi/X-2025.06/share/PLI/VCS/LINUX64/libnovas.so:FSDBDumpCmd
 option[56]: nusym_mode
 option[57]: timescale=1ns/1ps
Chronologic Simulation VCS Release X-2025.06_Full64
Linux 6.1.0-48-amd64 #1 SMP PREEMPT_DYNAMIC Debian 6.1.172-1 (2026-05-15) x86_64
CPU cores: 16
Limit information:
======================================
cputime		unlimited
filesize		unlimited
datasize		unlimited
stacksize		8192 kbytes
coredumpsize		0 kbytes
memoryuse		unlimited
vmemoryuse		unlimited
descriptors		1024
memorylocked		8192 kbytes
maxproc		unlimited
======================================
(Special)Runtime environment variables:

Runtime environment variables:
SSH_TTY=/dev/pts/22
LC_ALL=en_US.UTF-8
ALT_VERDI_HOME=/tools/Synopsys/verdi/X-2025.06
UVM_HOME=/tools/Synopsys/vcs/X-2025.06/etc/uvm-1.2
VCS_ARCH_OVERRIDE=linux
LD_LIBRARY_PATH_modshare=/tools/Synopsys/verdi/X-2025.06/share/PLI/IUS/linux64:1:/tools/Synopsys/verdi/X-2025.06/share/PLI/VCS/LINUX64:1:/usr/lib:1
MODULES_CMD=/usr/lib/x86_64-linux-gnu/modulecmd.tcl
QSPI_FILELIST=/home/ltthinh/PSRAM_CTRL/rtl/filelist.f
LOADEDMODULES_modshare=synopsys/vcs/X-2025.06:1:synopsys/verdi/X-2025.06:1
PWD=/home/ltthinh/PSRAM_CTRL/sim/vcs
OLDPWD=/home/ltthinh/PSRAM_CTRL
QSPI_HOME=/home/ltthinh/PSRAM_CTRL
LANG=en_US.UTF-8
VCS_TARGET_ARCH=amd64
MAKEFLAGS=
VC_STATIC_HOME=/tools/Synopsys/vcs/X-2025.06/vcfca
BASH_FUNC_module%%=() {  _module_raw "$@" 2>&1
}
MFLAGS=
PATH_modshare=/bin:1:/tools/Synopsys/verdi/X-2025.06/bin:1:/tools/Synopsys/vcs/X-2025.06/vcfca/bin:1:/usr/bin:1:/usr/games:1:.:1:/home/ltthinh/bin:1:/tools/Synopsys/vcs/X-2025.06/bin:1:/usr/local/bin:1:/usr/local/games:1
MANPATH=/usr/share/man:/usr/share/man:
VERDI_HOME=/tools/Synopsys/verdi/X-2025.06
MODULEPATH=/tools/modulefiles
BASH_FUNC_ml%%=() {  module ml "$@"
}
ENV=/usr/share/modules/init/profile.sh
SHELL=/bin/bash
LD_LIBRARY_PATH=/tools/Synopsys/verdi/X-2025.06/share/PLI/IUS/linux64:/tools/Synopsys/verdi/X-2025.06/share/PLI/VCS/LINUX64:/usr/lib
SHLVL=1
PATH=/tools/Synopsys/verdi/X-2025.06/bin:/tools/Synopsys/vcs/X-2025.06/vcfca/bin:/tools/Synopsys/vcs/X-2025.06/bin:.:/home/ltthinh/bin:/usr/local/bin:/usr/bin:/bin:/usr/local/bin:/usr/bin:/bin:/usr/local/games:/usr/games
MODULESHOME=/usr/share/modules
MOTD_SHOWN=pam
LOADEDMODULES=synopsys/vcs/X-2025.06:synopsys/verdi/X-2025.06
SSH_CLIENT=171.249.112.78 63652 22
TZ=Asia/Ho_Chi_Minh
SYNOPSYS_HOME=/tools/Synopsys
LOGNAME=ltthinh
_LMFILES_=/tools/modulefiles/synopsys/vcs/X-2025.06:/tools/modulefiles/synopsys/verdi/X-2025.06
BASH_ENV=/usr/share/modules/init/bash
EDITOR=vim
USER=ltthinh
VCS_HOME=/tools/Synopsys/vcs/X-2025.06
_LMFILES__modshare=/tools/modulefiles/synopsys/verdi/X-2025.06:1:/tools/modulefiles/synopsys/vcs/X-2025.06:1
_=/usr/bin/make
MAKE_TERMOUT=/dev/pts/22
SNPSLMD_LICENSE_FILE=27000@172.16.0.2
VISUAL=vim
MAKE_TERMERR=/dev/pts/22
HOME=/home/ltthinh
TERM=xterm
BASH_FUNC__module_raw%%=() {  unset _mlshdbg;
 if [ "${MODULES_SILENT_SHELL_DEBUG:-0}" = '1' ]; then
 case "$-" in 
 *v*x*)
 set +vx;
 _mlshdbg='vx'
 ;;
 *v*)
 set +v;
 _mlshdbg='v'
 ;;
 *x*)
 set +x;
 _mlshdbg='x'
 ;;
 *)
 _mlshdbg=''
 ;;
 esac;
 fi;
 unset _mlre _mlIFS;
 if [ -n "${IFS+x}" ]; then
 _mlIFS=$IFS;
 fi;
 IFS=' ';
 for _mlv in ${MODULES_RUN_QUARANTINE:-};
 do
 if [ "${_mlv}" = "${_mlv##*[!A-Za-z0-9_]}" -a "${_mlv}" = "${_mlv#[0-9]}" ]; then
 if [ -n "`eval 'echo ${'$_mlv'+x}'`" ]; then
 _mlre="${_mlre:-}${_mlv}_modquar='`eval 'echo ${'$_mlv'}'`' ";
 fi;
 _mlrv="MODULES_RUNENV_${_mlv}";
 _mlre="${_mlre:-}${_mlv}='`eval 'echo ${'$_mlrv':-}'`' ";
 fi;
 done;
 if [ -n "${_mlre:-}" ]; then
 eval `eval ${_mlre} /usr/bin/tclsh8.6 /usr/lib/x86_64-linux-gnu/modulecmd.tcl bash '"$@"'`;
 else
 eval `/usr/bin/tclsh8.6 /usr/lib/x86_64-linux-gnu/modulecmd.tcl bash "$@"`;
 fi;
 _mlstatus=$?;
 if [ -n "${_mlIFS+x}" ]; then
 IFS=$_mlIFS;
 else
 unset IFS;
 fi;
 unset _mlre _mlv _mlrv _mlIFS;
 if [ -n "${_mlshdbg:-}" ]; then
 set -$_mlshdbg;
 fi;
 unset _mlshdbg;
 return $_mlstatus
}
SSH_CONNECTION=171.249.112.78 63652 172.16.0.10 22
QSPI_RTL=/home/ltthinh/PSRAM_CTRL/rtl
MAKELEVEL=1
VCS_PATHMAP_PRELOAD_DONE=1
VCS_STACK_EXEC=true
VCS_EXEC_DONE=1
DVE=/tools/Synopsys/vcs/X-2025.06/gui/dve
SPECMAN_OUTPUT_TO_TTY=1
FLEXLM_BORROWFILE=/home/ltthinh/.vlsi-borrow.txt
Runtime command line arguments:
argv[0]=./simv
argv[1]=+vmm_test=basic_qspi_psram_test
argv[2]=-l
argv[3]=sim.log
**********Message Rewind**************
231 profile - 100
          CPU/Mem usage: 0.050 sys,  0.110 user,  209.73M mem
232 Elapsed time:    0:00:00    Sun Jun  7 17:13:03 2026
233 User CPU time used: 0 seconds
234 System CPU time used: 0 seconds
235 pliAppInit
236 FSDB_GATE is set.
237 FSDB_RTL is set.
238 FSDB_DYNAMIC_ALIAS is enabled.
239 libnuma.so open fail. libnuma.so: cannot open shared object file: No such file or directory
240 FSDB NUMA optimize not available.
241 FSDB_PACKED_MODE is enabled.
242 FSDB_GATE_PACKED is enabled.
243 [SC]Init: MemoryConsumed=0.00MB ElapsedTime=0hour 0min. 0sec.
244 FSDB_REDUCE_VC_MEM is enabled.
245 Enable Parallel Dumping.
246 pliAppMiscSet: New Sim Round
247 pliEntryInit
248 LIBSSCORE=found /tools/Synopsys/verdi/X-2025.06/share/PLI/lib/LINUXAMD64/libsscore_vcs202506.so through $NOVAS_HOME setting.
249 FSDB Dumper for VCS, Release Verdi_X-2025.06, Linux x86_64/64bit, 05/31/2025
250 (C) 1996 - 2025 by Synopsys, Inc.
251 sps_call_fsdbDumpfile_main at 0 : ./env/top.sv(258)
252 argv[0]: (test_top.fsdb)
253 *Verdi* FSDB WARNING: The FSDB file already exists. Overwriting the FSDB file may crash the programs that are using this file.
254 *Verdi* : Create FSDB file 'test_top.fsdb'
255 [spi_vcs_vd_ppi_create_root]: no upf option
256 DUMPER_MEMORY_REDUCTION is enabled.
257 compile option from '/home/ltthinh/PSRAM_CTRL/sim/vcs/simv.daidir/vcs_rebuild'.
258   "vcs '-full64' '-sverilog' '-timescale=1ns/1ps' '-kdb' '-debug_access+all' '+define+WAVES_FSDB' '+incdir+.' '+incdir+./env' '+incdir+./tests' '-l' 'comp.log' '-f' 'filelist.f' '-top' 'test_top' 2>&1"
259 DVDI_is_vir_unload_enabled is enable
260 FSDB_VCS_ENABLE_NATIVE_VC is enable
261 FSDB_VCS_ENABLE_MEMORY_NATIVE_VC is enabled
262 sps_call_fsdbDumpvars_vd_main at 0 : ./env/top.sv(259)
263 argv[0]: (0)
264 argv[1]: (handle) test_top
265 *Verdi* : Begin traversing the scope (test_top), layer (0).
266 *Verdi* : End of traversing.
267 pliAppHDL_DumpVarComplete traverse var: profile - 
          CPU/Mem usage: 0.060 sys,  0.150 user,  328.52M mem
                   incr: 0.000 sys,  0.020 user,  28.31M mem
                   accu: 0.000 sys,  0.020 user,  28.31M mem
              accu incr: 0.000 sys,  0.020 user,  28.31M mem

          Count usage: 1240 var,  1248 idcode,  280 callback
                 incr: 1240 var,  1248 idcode,  280 callback
                 accu: 1240 var,  1248 idcode,  280 callback
            accu incr: 1240 var,  1248 idcode,  280 callback
268 Idcode  0 - bc1:0  mda:0
269 Elapsed time:    0:00:00    Sun Jun  7 17:13:03 2026
270 User CPU time used: 0 seconds
271 System CPU time used: 0 seconds
272 pliAppHDL_DumpVarComplete: profile - 
          CPU/Mem usage: 0.060 sys,  0.150 user,  328.52M mem
                   incr: 0.000 sys,  0.000 user,  0.00M mem
                   accu: 0.000 sys,  0.020 user,  28.31M mem
              accu incr: 0.000 sys,  0.000 user,  0.00M mem

          Count usage: 1240 var,  1248 idcode,  280 callback
                 incr: 0 var,  0 idcode,  0 callback
                 accu: 1240 var,  1248 idcode,  280 callback
            accu incr: 0 var,  0 idcode,  0 callback
273 Idcode  0 - bc1:0  mda:0
274 Elapsed time:    0:00:00    Sun Jun  7 17:13:03 2026
275 User CPU time used: 0 seconds
276 System CPU time used: 0 seconds
277 End of simulation at 10255000
278 Memory usage: 328.520 M
279 Maximum resident set size: 130 MB
280 Hard page faults: 0
281 Soft page faults: 14213
282 Elapsed time:    0:00:00    Sun Jun  7 17:13:03 2026
283 User CPU time used: 0 seconds
284 System CPU time used: 0 seconds
285 Begin FSDB profile info:
286 FSDB Writer : bc1(5732) bcn(3622) mtf/stf(0/0)
FSDB Writer elapsed time : flush(0.011989) io wait(0.000000) theadpool wait(0.000000)
FSDB Writer cpu time : MT Compression : 0
287 End FSDB profile info
288 FSDB closed. Name: test_top.fsdb Size: 37279
289 Parallel profile     - ProducerThread:1 ConsumerThread:1 Buffer:64MB
290                      - BlockUsed:1 Acquire:0 BufferUsed:154185
291                      - Flush:3 Expand:0 ProducerWait:0 ConsumerWait:0
292                      - MainProducerTime:0.235574068 TotalConsumerTime:0.000000000
293                      - ElapsedTime:0.130815000
294 Producer   0 profile - BlockUsed:2 Acquire:0 BufferUsed:154185
295 Consumer   0 profile - Affinity:-1 CPUTime:0.000000000 LifeTime:0.000000000 (-nan%)
296                      - BlockUsed:2 Acquire:0 BufferUsed:154185
297 SimExit
298 Elapsed time:    0:00:00    Sun Jun  7 17:13:03 2026
299 User CPU time used: 0 seconds
300 System CPU time used: 0 seconds
301 Sim process exit
