action aaMonetActionReplayMode -trigger

action aaMonetViewDone:0 -reset
action aaMonetView:0 -avtree {VC Static:Verification:Lint=rowid, REPORT_TYPE, SG_GOAL, MODULE, SOURCE_NODE_FULLNAME, SIGNAL, HIERARCHY, DEST_NODE_FULLNAME, FILE_NAME, LINE_NUMBER, STATEMENT
VC Static:Verification:Lint:Open:warning=rowid, REPORT_TYPE, SG_GOAL, MODULE, SOURCE_NODE_FULLNAME, SIGNAL, HIERARCHY, DEST_NODE_FULLNAME, FILE_NAME, LINE_NUMBER, STATEMENT
VC Static:Verification:Lint:Open:warning:Language_Check-Stage=rowid, REPORT_TYPE, SG_GOAL, MODULE, FILE_NAME, LINE_NUMBER, STATEMENT, SIGNAL, HIERARCHY
VC Static:Verification:Lint:Open:warning:Language_Check-Stage:W240=rowid, SG_GOAL, MODULE, FILE_NAME, LINE_NUMBER, STATEMENT, SIGNAL, HIERARCHY
VC Static:Verification:Lint:Open:warning:Structural_Check-Stage=rowid, REPORT_TYPE, SG_GOAL, MODULE, SOURCE_NODE_FULLNAME, DEST_NODE_FULLNAME, FILE_NAME, LINE_NUMBER, STATEMENT
VC Static:Verification:Lint:Open:warning:Structural_Check-Stage:NoFeedThrus-ML=rowid, SG_GOAL, MODULE, SOURCE_NODE_FULLNAME, DEST_NODE_FULLNAME, FILE_NAME, LINE_NUMBER, STATEMENT
VC Static:Verification:Lint:Open:info=rowid, REPORT_TYPE, SG_GOAL, FILE_NAME, LINE_NUMBER, STATEMENT
VC Static:Verification:Lint:Open:info:Language_Check-Stage=rowid, REPORT_TYPE, SG_GOAL, FILE_NAME, LINE_NUMBER, STATEMENT
VC Static:Verification:Lint:Open:info:Language_Check-Stage:ReportPortInfo-ML=rowid, SG_GOAL, FILE_NAME, LINE_NUMBER, STATEMENT
} -bRestoreFilter {1} -dock {0} -h {760} -showFltCfg {0} -tag {all} -title {___SNPS_NONE} -w {1604} -x {0} -y {22} -trigger
waitfor aaMonetViewDone:0

action aaMonetCheckLocator:0 -reset
action aaMonetCheckLocator:0 -trigger
waitfor aaMonetCheckLocator:0

action aaHierViewSrc:0 -reset
action aaHierViewSrc:0 -trigger
waitfor aaHierViewSrc:0

action aaMonetAvClickedDone:0 -reset
action aaMonetAvClicked:0 -fromGui {1} -itemPath {VC Static:Verification:Lint:Open:warning:Language_Check-Stage:W164a} -rightClick {0} -row {0} -trigger
waitfor aaMonetAvClickedDone:0

action aaMonetDvClickedDone:0 -reset
action aaMonetDvClicked:0 -col {4} -row {0} -trigger
waitfor aaMonetDvClickedDone:0

action aaMonetAvClickedDone:0 -reset
action aaMonetAvClicked:0 -fromGui {1} -itemPath {VC Static:Verification:Lint:Open:warning:Language_Check-Stage:W486} -rightClick {0} -row {1} -trigger
waitfor aaMonetAvClickedDone:0

action aaMonetDvClickedDone:0 -reset
action aaMonetDvClicked:0 -col {3} -row {0} -trigger
waitfor aaMonetDvClickedDone:0

action aaMonetAvClickedDone:0 -reset
action aaMonetAvClicked:0 -fromGui {1} -itemPath {VC Static:Verification:Lint:Open:warning:Structural_Check-Stage} -rightClick {0} -row {1} -trigger
waitfor aaMonetAvClickedDone:0

action aaMonetAvClickedDone:0 -reset
action aaMonetAvClicked:0 -fromGui {1} -itemPath {VC Static:Verification:Lint:Open:warning:Structural_Check-Stage:NoFeedThrus-ML} -rightClick {0} -row {0} -trigger
waitfor aaMonetAvClickedDone:0

action aaMonetDvClickedDone:0 -reset
action aaMonetDvClicked:0 -col {3} -row {0} -trigger
waitfor aaMonetDvClickedDone:0

action aaMonetAvClickedDone:0 -reset
action aaMonetAvClicked:0 -fromGui {1} -itemPath {VC Static:Verification:Lint:Open:warning:Language_Check-Stage:W486} -rightClick {0} -row {1} -trigger
waitfor aaMonetAvClickedDone:0

action aaMonetAvClickedDone:0 -reset
action aaMonetAvClicked:0 -fromGui {1} -itemPath {VC Static:Verification:Lint:Open:warning:Language_Check-Stage} -rightClick {0} -row {0} -trigger
waitfor aaMonetAvClickedDone:0

action aaMonetAvClickedDone:0 -reset
action aaMonetAvClicked:0 -fromGui {1} -itemPath {VC Static:Verification:Lint:Open:warning:Language_Check-Stage:W164a} -rightClick {0} -row {0} -trigger
waitfor aaMonetAvClickedDone:0

action aaMonetDvClickedDone:0 -reset
action aaMonetDvClicked:0 -col {4} -row {0} -trigger
waitfor aaMonetDvClickedDone:0

action aaMonetAvClickedDone:0 -reset
action aaMonetAvClicked:0 -fromGui {1} -itemPath {VC Static:Verification:Lint:Open:warning:Language_Check-Stage:W486} -rightClick {0} -row {1} -trigger
waitfor aaMonetAvClickedDone:0

action aaMonetAvClickedDone:0 -reset
action aaMonetAvClicked:0 -fromGui {1} -itemPath {VC Static:Verification:Lint:Open:warning:Language_Check-Stage:W164a} -rightClick {0} -row {0} -trigger
waitfor aaMonetAvClickedDone:0

action aaMonetAvClickedDone:0 -reset
action aaMonetAvClicked:0 -fromGui {1} -itemPath {VC Static:Verification:Lint:Open:warning:Language_Check-Stage} -rightClick {0} -row {0} -trigger
waitfor aaMonetAvClickedDone:0

action aaMonetDvClickedDone:0 -reset
action aaMonetDvClicked:0 -col {5} -row {0} -trigger
waitfor aaMonetDvClickedDone:0

action aaMonetAvClickedDone:0 -reset
action aaMonetAvClicked:0 -fromGui {1} -itemPath {VC Static:Verification:Lint:Open:warning:Language_Check-Stage:W164a} -rightClick {0} -row {0} -trigger
waitfor aaMonetAvClickedDone:0

action aaMonetAvClickedDone:0 -reset
action aaMonetAvClicked:0 -fromGui {1} -itemPath {VC Static:Verification:Lint:Open:warning:Structural_Check-Stage:NoFeedThrus-ML} -rightClick {0} -row {0} -trigger
waitfor aaMonetAvClickedDone:0

action aaMonetDvClickedDone:0 -reset
action aaMonetDvClicked:0 -col {2} -row {0} -trigger
waitfor aaMonetDvClickedDone:0

action aaMonetAvClickedDone:0 -reset
action aaMonetAvClicked:0 -fromGui {1} -itemPath {VC Static:Verification:Lint:Open:warning:Language_Check-Stage:W164a} -rightClick {0} -row {0} -trigger
waitfor aaMonetAvClickedDone:0

