################################################################################
#
# This file has been generated by SpyGlass:
#     Report Created by: ltthinh
#     Report Created on: Sun Jun  7 17:15:08 2026
#     Working Directory: /home/ltthinh/PSRAM_CTRL/lint/vc_static
#     Report Location  : /home/ltthinh/PSRAM_CTRL/lint/vc_static/vcst_rtdb/.internal/spyglass/vc_lint0/m_vlsi_qspi_top/VC_GOAL0/spyglass_reports/SpyGlass/elab_summary.rpt
#     SpyGlass Version : SpyGlass_vX-2025.06
#     Policy Name      : SpyGlass(SpyGlass_vX-2025.06)
#     Comment          : This report contains RTL and Elaborated names along with parameter values
#
################################################################################

================================================================================
Elaborated Name: 'm_vlsi_qspi_csr'
    (RTL Design Unit name: 'm_vlsi_qspi_csr', /home/ltthinh/PSRAM_CTRL/rtl/CSR/RTL/m_vlsi_qspi_csr.sv:10)
     Parameters (Total: 8)
         PARA_CTRL_OFFSET        = 0 (default: 16'h0)
         PARA_WD_OFFSET          = 4 (default: 16'h4)
         PARA_READ_OFFSET        = 8 (default: 16'h8)
         PARA_WRITE_OFFSET       = 12 (default: 16'hC)
         PARA_WR_DUMMY_OFFSET    = 16 (default: 16'h10)
         PARA_RD_DUMMY_OFFSET    = 20 (default: 16'h14)
         PARA_MODE_STATUS_OFFSET = 24 (default: 16'h18)
         PARA_INDEPENDENT_OFFSET = 28 (default: 16'h1C)
     Instances (Total: 1): m_vlsi_qspi_top.u_csr 

================================================================================

Elaborated Name: 'm_vlsi_synch'
    (RTL Design Unit name: 'm_vlsi_synch', /home/ltthinh/PSRAM_CTRL/rtl/m_vlsi_synch.sv:10)
     Parameters (Total: 1)
         PARA_LEVELS = 2 (default: 2)
     Instances (Total: 84): m_vlsi_qspi_top.u_axi_ctrl.u_awfifo.u_rval_sync.\sync_multi[1].u_wval_sync , m_vlsi_qspi_top.u_axi_ctrl.u_awfifo.u_rval_sync.\sync_multi[0].u_wval_sync , m_vlsi_qspi_top.u_csr.u_wr_ack_reg2bus, m_vlsi_qspi_top.u_csr.u_rd_ack_reg2bus, m_vlsi_qspi_top.u_csr.u_write_ack_reg2bus  ... more

================================================================================

Elaborated Name: 'm_vlsi_axi4_sram'
    (RTL Design Unit name: 'm_vlsi_axi4_sram', /home/ltthinh/PSRAM_CTRL/rtl/AXI_CONTROLLER/m_vlsi_axi4_sram.sv:13)
     Parameters (Total: 5)
         PARA_DATA_WD    = 32 (default: 32)
         PARA_ADDR_WD    = 24 (default: 32)
         PARA_ID_WD      = 4 (default: 4)
         PARA_LEN_WD     = 8 (default: 8)
         PARA_FIFO_DEPTH = 8 (default: 8)
     Instances (Total: 1): m_vlsi_qspi_top.u_axi_ctrl 

================================================================================

Elaborated Name: 'm_vlsi_axfsm'
    (RTL Design Unit name: 'm_vlsi_axfsm', /home/ltthinh/PSRAM_CTRL/rtl/AXI_CONTROLLER/m_vlsi_axfsm.sv:11)
     Parameters (Total: 7)
         PARA_ADDR_WD    = 24 (default: 32)
         PARA_ID_WD      = 4 (default: 4)
         PARA_DATA_WD    = 32 (default: 32)
         PARA_LEN_WD     = 8 (default: 8)
         S_IDLE          = 0 (default: 1'b0)
         S_ADDR          = 1 (default: 1'b1)
         PARA_BEAT_BYTES = 4 (default: (PARA_DATA_WD / 8))
     Instances (Total: 2): m_vlsi_qspi_top.u_axi_ctrl.u_axfsm_rd, m_vlsi_qspi_top.u_axi_ctrl.u_axfsm_wr 

================================================================================

Elaborated Name: 'm_vlsi_axi_bus_logic'
    (RTL Design Unit name: 'm_vlsi_axi_bus_logic', /home/ltthinh/PSRAM_CTRL/rtl/AXI_CONTROLLER/m_vlsi_axi_bus_logic.sv:12)
     Parameters (Total: 3)
         PARA_DATA_WD = 32 (default: 32)
         PARA_ADDR_WD = 24 (default: 32)
         PARA_ID_WD   = 4 (default: 4)
     Instances (Total: 1): m_vlsi_qspi_top.u_axi_ctrl.u_axi_bus_logic 

================================================================================

Elaborated Name: 'WORK_m_vlsi_async_fifo_29_8'
    (RTL Design Unit name: 'm_vlsi_async_fifo', /home/ltthinh/PSRAM_CTRL/rtl/m_vlsi_async_fifo.sv:10)
     Parameters (Total: 3)
         PARA_DATA_WD = 29 (default: 32)
         PARA_DEPTH   = 8 (default: 1024)
         PARA_CNT_WD  = 3 (default: $clog2(PARA_DEPTH))
     Instances (Total: 2): m_vlsi_qspi_top.u_axi_ctrl.u_arfifo, m_vlsi_qspi_top.u_axi_ctrl.u_awfifo 

================================================================================

Elaborated Name: 'm_vlsi_multi_synch'
    (RTL Design Unit name: 'm_vlsi_multi_synch', /home/ltthinh/PSRAM_CTRL/rtl/m_vlsi_multi_synch.sv:2)
     Parameters (Total: 2)
         PARA_WD     = 8 (default: 1)
         PARA_LEVELS = 2 (default: 2)
     Instances (Total: 10): m_vlsi_qspi_top.u_axi_ctrl.u_arfifo.u_wval_sync, m_vlsi_qspi_top.u_axi_ctrl.u_arfifo.u_rval_sync, m_vlsi_qspi_top.u_axi_ctrl.u_wfifo.u_wval_sync, m_vlsi_qspi_top.u_axi_ctrl.u_wfifo.u_rval_sync, m_vlsi_qspi_top.u_axi_ctrl.u_awfifo.u_wval_sync  ... more

================================================================================

Elaborated Name: 'WORK_m_vlsi_async_fifo_33_8'
    (RTL Design Unit name: 'm_vlsi_async_fifo', /home/ltthinh/PSRAM_CTRL/rtl/m_vlsi_async_fifo.sv:10)
     Parameters (Total: 3)
         PARA_DATA_WD = 33 (default: 32)
         PARA_DEPTH   = 8 (default: 1024)
         PARA_CNT_WD  = 3 (default: $clog2(PARA_DEPTH))
     Instances (Total: 1): m_vlsi_qspi_top.u_axi_ctrl.u_wfifo 

================================================================================

Elaborated Name: 'WORK_m_vlsi_async_fifo_39_8'
    (RTL Design Unit name: 'm_vlsi_async_fifo', /home/ltthinh/PSRAM_CTRL/rtl/m_vlsi_async_fifo.sv:10)
     Parameters (Total: 3)
         PARA_DATA_WD = 39 (default: 32)
         PARA_DEPTH   = 8 (default: 1024)
         PARA_CNT_WD  = 3 (default: $clog2(PARA_DEPTH))
     Instances (Total: 1): m_vlsi_qspi_top.u_axi_ctrl.u_rfifo 

================================================================================

Elaborated Name: 'WORK_m_vlsi_async_fifo_6_8'
    (RTL Design Unit name: 'm_vlsi_async_fifo', /home/ltthinh/PSRAM_CTRL/rtl/m_vlsi_async_fifo.sv:10)
     Parameters (Total: 3)
         PARA_DATA_WD = 6 (default: 32)
         PARA_DEPTH   = 8 (default: 1024)
         PARA_CNT_WD  = 3 (default: $clog2(PARA_DEPTH))
     Instances (Total: 1): m_vlsi_qspi_top.u_axi_ctrl.u_bfifo 

================================================================================

Elaborated Name: 'm_vlsi_arbiter'
    (RTL Design Unit name: 'm_vlsi_arbiter', /home/ltthinh/PSRAM_CTRL/rtl/AXI_CONTROLLER/m_vlsi_arbiter.sv:10)
     Parameters (Total: 0)
     Instances (Total: 1): m_vlsi_qspi_top.u_axi_ctrl.u_arbiter 

================================================================================

Elaborated Name: 'm_vlsi_axi_sclk_logic'
    (RTL Design Unit name: 'm_vlsi_axi_sclk_logic', /home/ltthinh/PSRAM_CTRL/rtl/AXI_CONTROLLER/m_vlsi_axi_sclk_logic.sv:13)
     Parameters (Total: 3)
         PARA_DATA_WD = 32 (default: 32)
         PARA_ADDR_WD = 24 (default: 32)
         PARA_ID_WD   = 4 (default: 4)
     Instances (Total: 1): m_vlsi_qspi_top.u_axi_ctrl.u_axi_sclk_logic 

================================================================================

Elaborated Name: 'm_vlsi_qspi_fsm'
    (RTL Design Unit name: 'm_vlsi_qspi_fsm', /home/ltthinh/PSRAM_CTRL/rtl/m_vlsi_qspi_fsm.sv:10)
     Parameters (Total: 4)
         PARA_ADDR_WD = 24 (default: 24)
         PARA_DATA_WD = 32 (default: 32)
         PARA_LEN_WD  = 8 (default: 8)
         PARA_CNT_WD  = 6 (default: $clog2((PARA_DATA_WD + 1)))
     Instances (Total: 1): m_vlsi_qspi_top.u_qspi_fsm 

================================================================================

Elaborated Name: 'm_vlsi_qspi_top'
    (RTL Design Unit name: 'm_vlsi_qspi_top', /home/ltthinh/PSRAM_CTRL/m_vlsi_qspi_top.sv:18)
     Parameters (Total: 5)
         PARA_AXI_DATA_WD    = 32 (default: 32)
         PARA_AXI_ADDR_WD    = 24 (default: 24)
         PARA_AXI_ID_WD      = 4 (default: 4)
         PARA_AXI_LEN_WD     = 8 (default: 8)
         PARA_AXI_FIFO_DEPTH = 8 (default: 8)
================================================================================
