
                                   VC Static 

                 Version X-2025.06 for linux64 - May 29, 2025 

                    Copyright (c) 2010 - 2025 Synopsys, Inc.
   This software and the associated documentation are proprietary to Synopsys,
 Inc. This software may only be used in accordance with the terms and conditions
 of a written license agreement with Synopsys, Inc. All other use, reproduction,
   or distribution of this software is strictly prohibited.  Licensed Products
     communicate with Synopsys servers for the purpose of providing software
    updates, detecting software piracy and verifying that customers are using
    Licensed Products in conformity with the applicable License Key for such
  Licensed Products. Synopsys will use information gathered in connection with
    this process to deliver software updates and pursue software pirates and
                                   infringers.

 Inclusivity & Diversity - Visit SolvNetPlus to read the "Synopsys Statement on
            Inclusivity and Diversity" (Refer to article 000036315 at
                        https://solvnetplus.synopsys.com)
restore_session -level default

MasterSourceFile run_lint.tcl
#------------------------------------------------------------------------------
# Synopsys Lint Run Script
#------------------------------------------------------------------------------
# Project inputs
set FILELIST   $::env(QSPI_RTL)/filelist.f
set DEFINES    ""
set TOP_DESIGN m_vlsi_qspi_top
# Lint setup
set enable_lint true
[Info] In case any tcl command throwing error , last 10 suppressed messages for the command will be shown on console.
configure_lint_setup
configure_lint_tag_parameter \
  -tag W123 \
  -parameter HANDLE_LARGE_BUS \
  -value yes \
  -goal lint_rtl_enhanced
# Parse and elaborate
analyze \
  -format sverilog \
  -vcs "-f $FILELIST" \
  -define "$DEFINES -timescale=1ns/10ps +lint=TFIPC-L"
elaborate $TOP_DESIGN
[Warning] COM_OPT009: 'search_path' has not been set.
[Warning] COM_OPT010: 'link_library' has not been set.
Doing common elaboration 
Final timescale is '1ps/1ps'
Info: Invoking Simon...
Info: Simon VCS Start

****************************************************************************
WARNING: Simon running with following NOT-RECOMMENDED mode(s)
  * highLevelForm=0           : Need to enable highLevelForm=1
  * alwaysSplitStructArrays=0 : Need to enable alwaysSplitStructArrays=1
****************************************************************************

=======================================================
VCS CPU Time(s)     :0.66
SIMON CPU Time(s)   :0.51
SIMON Total Time(s) :0.18
Peak Memory(MB)     :373
=======================================================
Info: Simon VCS Finished
Info: Simon call complete 
Info: Exiting after Simon Analysis 
Verdi KDB elaboration done and the database successfully generated: 0 error(s), 0 warning(s)
# Gate Counts 
Number of Flat Instances = 6940
Number of Operator = 6940
Number of Libcells = 0
Number of Black-Box Instances = 0
Number of FlipFlop BitWise = 1979
Number of Latch Bitwise = 0
Number of Nand BitWise = 5
Number of Comb logic = 1860

# Run checks
check_lint
[Info] Running goal lint_rtl_enhanced
Inferring all potential clocks
Inferring all potential resets
[Info] WordScc Detection stage... Success
# Add waivers
source waiver.tcl
# Open GUI
start_gui

set_app_var default_waiver_file vcst_rtdb/reports/waiver.tcl
<_mx_/>
Interrupted, cancelling tasks...
