>>>verdiToolBar -win $_nTrace1 -toolbar toolBarFormalVerification -moveToFirst
>>>@@@Event: verdiActiveWindowChange(-win 472ed970)
>>>@@@Event: verdiMonoFontEvent(DejaVu Sans Mono,12)
<<< Success : 1
>>>::vcst::createAddTraceToWaveAction
<<< Success : 
>>>verdiWindowPrependTitle -win $_nTrace1 -preTitle {}
<<< Success : 0
>>>vcstVerdiRegisterColors -colors #a0a0a4,#c0c0c0,#000000,#ff0000,#ffff00,#0000ff,#008000,#ffffff,#b5e61d,#ffaec9,#efe4b0,#00cd00,#ff9307,#ff4343,#000000,#ffff00,#646464,#00007f,#660099,#ffc40d,#666600,#000000,#880000,#bf6f00,#008000,#4a766e,#0000ff,#000080,#000000,#00819b,#aaaaaa,#c0c0c0,#ff8c00,#e3f4ff,#ff0000,#808080,#000000,#000000,#ffff01,#01ff01,#ff0101,#ff9307,#01ffff,#f700ff,#999999,#ff80ff,#000000,#a8ffa8,#ce8902,#52d017,#f62817,#e6bf83,#b86500,#ff7722,#ffef00,#9afeff,#d891ef,#808080,#c7c7c7,#d6f0d6,#f1f0c8,#dbcaf0,#800000,#ffa500,#c4c4c4,#ebebeb,#be0000,#00be00,#bebe00,#0000be,#be00be,#00bebe,#bebebe
<<< Success : 
>>>verdiAboutDlg -banner {
VC Static

Version X-2025.06 for linux64 - May 29, 2025

Copyright (c) 2010 - 2025 Synopsys, Inc.
}
>>>@@@Event: verdiActiveWindowChange(-win 45a48060)
>>>@@@Event: vcstRegisterColorMap(#a0a0a4:#808080:#a0a0a0;#c0c0c0:#808080:#c0c0c0;#000000:#000000:#ffffff;#ff0000:#ff2020:#ff7373;#ffff00:#8a8a42:#ffff01;#0000ff:#0101ff:#699eec;#008000:#008000:#42be42;#ffffff:#000000:#ffffff;#b5e61d:#8a8a42:#bebe42;#ffaec9:#800000:#ffcdcd;#efe4b0:#a5805b:#ffd2a5;#00cd00:#5b905b:#01ff01;#ff9307:#be8042:#ff8001;#ff4343:#be4242:#be4242;#000000:#000000:#ffffff;#ffff00:#8a8a42:#ffff01;#646464:#606060:#a0a0a0;#00007f:#000080:#cce8ff;#660099:#800080:#ffa5ff;#ffc40d:#8a8a42:#ffff01;#666600:#606000:#8a8a42;#000000:#000000:#ffffff;#880000:#800000:#ff7373;#bf6f00:#be8042:#ff8001;#008000:#008000:#42be42;#4a766e:#606060:#a0a0a0;#0000ff:#0101ff:#699eec;#000080:#000080:#cce8ff;#000000:#000000:#ffffff;#00819b:#008080:#008080;#aaaaaa:#808080:#a0a0a0;#c0c0c0:#808080:#c0c0c0;#ff8c00:#be8042:#ff8001;#e3f4ff:#008080:#cdffff;#ff0000:#ff2020:#ff7373;#808080:#808080:#808080;#000000:#000000:#ffffff;#000000:#000000:#ffffff;#ffff01:#8a8a42:#ffff01;#01ff01:#5b905b:#01ff01;#ff0101:#ff2020:#ff7373;#ff9307:#be8042:#ff8001;#01ffff:#428a8a:#01ffff;#f700ff:#be42be:#ff01ff;#999999:#808080:#a0a0a0;#ff80ff:#be42be:#ff73ff;#000000:#000000:#ffffff;#a8ffa8:#008000:#a5ffa5;#ce8902:#be8042:#ff8001;#52d017:#5b905b:#42be42;#f62817:#ff2020:#ff7373;#e6bf83:#be8042:#ffb973;#b86500:#be4242:#be4242;#ff7722:#be8042:#ff8001;#ffef00:#8a8a42:#ffff01;#9afeff:#008080:#a5ffff;#d891ef:#4242be:#a5a5ff;#808080:#808080:#808080;#c7c7c7:#808080:#c0c0c0;#d6f0d6:#008000:#cdffcd;#f1f0c8:#804000:#ffe6cd;#dbcaf0:#606060:#e0e0e0;#800000:#800000:#ff7373;#ffa500:#be8042:#ff8001;#c4c4c4:#808080:#c0c0c0;#ebebeb:#606060:#e0e0e0;#be0000:#800000:#ff7373;#00be00:#008000:#42be42;#bebe00:#8a8a42:#bebe42;#0000be:#000080:#cce8ff;#be00be:#be42be:#be42be;#00bebe:#428a8a:#42bebe;#bebebe:#808080:#c0c0c0;)
<<< Success : 1
>>>
verdiRunVcstCmd "action aaMonetView -hideiv \{[verdiGetRCValue -section appSetting -key hideIV]\}
" -no_wait
<<< Success : 0
>>>set ::vcst::_top "m_vlsi_qspi_top"
set ::vcst::_elab ""
set ::vcst::_elabOpts {}
set ::vcst::_rtdbDir {/home/ltthinh/PSRAM_CTRL/lint/vc_static/vcst_rtdb}
set ::vcst::_hiddenDir {.internal}
set ::vcst::_masterMode false
set ::vcst::_workLib ""
set ::vcst::_upfOpts " -upf "
set ::vcst::_enableKdb "true"
set ::vcst::_simBinPath "m_vlsi_qspi_top.exe"
set ::vcst::_goldenUpfConfig {}
set ::vcst::_nldmNschema {true}
set ::vcst::_kdbAlias {false}
set ::vcst::_covDut {}
set ::vcst::_splitbus {false}
set ::vcst::_enableVerdiLog {1}
set ::vcst::_fml_max_proof_depth {}
set ::vcst::_smartLoad {true}
set ::vcst::_compositeTrace {1}
set ::vcst::_strategyFilePath {}
set ::vcst::_enableVnrWriteKdb {false}
set ::vcst::_bIsFormalFlow {false}
set ::vcst::_bGlobalFsdbPresent {false}
set ::vcst::_sRunModes {}
set ::vcst::_enableVnrWriteKdbResolve {true}
set ::vcst::_disableSymbolLibraryImportMessage {false}
set ::vcst::_enableKdbRemoval {false}
set ::vcst::_diucFlow {false}
set ::vcst::_libArgs ""
set ::vcst::_seqXmlFile ""
srcSetPreference -vhdlcase {original} 
schUnifiedNetList -skipKdb
schSetPreference -turboLibs {} -turboLibPaths {}
verdiSetPrefEnv -bSpecifyWindowTitleForDockContainer off
schSetPreference -detailRTL on
paSetPreference -brightenPowerColor on
schSetPreference -showPassThroughNet on
paSetPreference -AnnotateSignal off
paSetPreference -highlightPowerObject off
srcAssertSetOpt -addSigToWave 0 -addSigWithExpGrp 1 -maskWave 0 -ShowCycleInfo 1
srcBlockFilelocateDlg on
verdiRunVcst -on
schSetOptions -hierFlatten on
schSetVCSTDelimiter -hierDelim /
set ::vcst::_vcstAppHierDelim "/"
set ::vcst::_powerDbDir ""
set ::vcst::_bRestore ""
srcSetPreference -delimiterforFindSignal_Inst_Instport "/"
srcSetPreference -skipTopLevelName on
srcSetPreference -copyScopeNameDelimiter "/"
::vcst::loadMainWin "1"
srcBlockFilelocateDlg off

verdiSetFont -font "Bitstream Vera Sans" -size "11"
verdiSetPrefEnv -monoFontSize "11"
schGrayMode -win \$_nSchema1

srcSetDecoration -type sambox -reset

srcSetDecoration -type sambox -inst 1

schResetDisplayAttr -white

<<< Success : 1
>>>srcSetPreference -tabNum 16
>>>@@@Event: srcImportDesign(m_vlsi_qspi_top)
>>>verdiSetStatusMsg -win Verdi_1 -color black { Design import ready }
<<< Success : 1
>>>opVerdiComponents -xmlfile {/home/ltthinh/PSRAM_CTRL/lint/vc_static/vcst_rtdb/.internal/verdi/signalnames.xml}

<<< Success : 1
>>>@@@Event: srcChangeScope(m_vlsi_qspi_top)
>>>@@@Event: srcHBTreeSelect({ 1 {m_vlsi_qspi_top} false})
>>>@@@Event: srcHBTreeSelect({ 1 {m_vlsi_qspi_top} false})
>>>@@@Event: srcGetSnipSignal(srcGetSnipSignal)
>>>@@@Event: srcGetBlackbox(srcGetBlackbox)
>>>@@@Event: debMidBtnDown(nTrace)
>>>@@@Event: debDndSrc(nTrace)
<<< Success : 1
>>>::vcst::hideUnrelatedMenus

<<< Success : 1
>>>verdiRaiseWindow -lower;verdiShowWindow -min
<<< Success : 1
>>>verdiToolBar -win $_Verdi_1 -toolbar HB_POWER_TRACE_COMMAND_PANEL -hide; verdiToolBar -win $_Verdi_1 -toolbar PDML_COMMAND_PANEL -hide; verdiToolBar -win $_Verdi_1 -toolbar HB_PA_DOMAIN_PANEL -hide

<<< Success : 0
>>>verdiSetPrefEnv -bDockNewWindowInContainerWhenFindSameType "on"
>>>@@@Event: swnTraceWindowType(-win "nTrace")
>>>@@@Event: swnTraceWindowType(-win "nTrace")
>>>@@@Event: swnTraceWindowType(-win "nTrace")
>>>@@@Event: swnTraceWindowType(-win "nTrace")
<<< Success : 1
>>>set ::vcst::_bRestore ""
<<< Success : 
>>>verdiLayoutFreeze -off
<<< Success : 1
>>>verdiToolBar -rm ABV_ADD_TEMPORARY_ASSERT_PANEL
<<< Success : 1
>>>verdiToolBar -rm toolbarHB_TOGGLE_PANEL toolbarHB_EMULATION_PANEL toolbarHB_PRODTYPE_PANEL UVM_AWARE_DEBUG AMS_CONFIG_TOOLBAR NOVAS_TBBR_INTERACTIVEVIEW_PANEL NOVAS_TBBR_DEBUG_REWIND_COMMAND NOVAS_TBBR_DEBUG_REWIND_UNDO_REDO_COMMAND NOVAS_TBBR_DEBUG_REVERSE_COMMAND NOVAS_TBBR_DEBUG_VSIM_COMMAND NOVAS_EMULATION_DEBUG_COMMAND CVG_CER_PANEL NOVAS_TBBR_DEBUG_COMMAND
<<< Success : 1
>>>verdiLayoutFreeze -off
<<< Success : 1
>>>verdiDockWidgetSetCurTab -dock widgetDock_MTB_SOURCE_TAB_1;
<<< Success : 1
>>>setStyleFvProgress -css {font-family:Bitstream Vera Sans monospace;font-size:11px}
<<< Success : 0
>>>setStyleFvGoalProgress -css {font-family:Bitstream Vera Sans monospace;font-size:11px}
<<< Success : 1
>>>verdiSetFont -font "Bitstream Vera Sans" -size "11"
<<< Success : 1
>>>verdiVcstSyncMsgColor -errorColor "default_red" -warningColor "default_none" -infoColor "default_none"
<<< Success : 
>>>srcSetBlackbox   -delim {/}
<<< Success : 0
>>>srcSetGlassbox  -delim {/}
<<< Success : 0
