action aaMonetActionReplayMode -trigger

action aaMonetViewDone:0 -reset
action aaMonetView:0 -avtree {VC Static:Verification:CDC=rowid, REPORT_TYPE, REASON_INFO_LIST, NG_RESET, CDC_PORT_NAME, DIRECTION, STATUS, CONSTRAINT_INFO_LIST, CLOCK_DOMAIN, PIN_NAME, PIN_VALUE, INSTANCE_NAME, DRIVER_CLOCK, PROPAGATED_CLOCK_LIST, SEQ_PIN_REACHABLE, BBOX_PIN_REACHABLE, NG_CONVERGENCE_POINT, NG_CONTROL_PATH_LIST, SOURCE_POINT, NG_DESTINATION_POINT, NG_SOURCE_CLOCK_LIST, NG_DESTINATION_CLOCK_LIST, NG_SOURCE_TYPE, NG_DESTINATION_TYPE, NG_SYNC_OUTPUT_NAME, SYNC_DEPTH, NG_SYNC_CELL_NAME, NG_CONVERGING_CONTROL_PATH_LIST, NG_MAX_CONV_DEPTH, COMMON_INSTANCE, MODULE
VC Static:Verification:CDC:Open:error=rowid, REPORT_TYPE, REASON_INFO_LIST, NG_CONVERGENCE_POINT, SOURCE_POINT, NG_DESTINATION_POINT, NG_SOURCE_CLOCK_LIST, NG_DESTINATION_CLOCK_LIST, NG_SOURCE_TYPE, NG_DESTINATION_TYPE, NG_CONTROL_PATH_LIST, NG_CONVERGING_CONTROL_PATH_LIST, NG_MAX_CONV_DEPTH, COMMON_INSTANCE, MODULE
VC Static:Verification:CDC:Open:error:Sync-Stage=rowid, REPORT_TYPE, REASON_INFO_LIST, SOURCE_POINT, NG_DESTINATION_POINT, NG_SOURCE_CLOCK_LIST, NG_DESTINATION_CLOCK_LIST, NG_SOURCE_TYPE, NG_DESTINATION_TYPE, NG_CONTROL_PATH_LIST, COMMON_INSTANCE, MODULE
VC Static:Verification:CDC:Open:error:Sync-Stage:CDC_UNSYNC_DATA=rowid, REASON_INFO_LIST, SOURCE_POINT, NG_DESTINATION_POINT, NG_SOURCE_CLOCK_LIST, NG_DESTINATION_CLOCK_LIST, NG_SOURCE_TYPE, NG_DESTINATION_TYPE, NG_CONTROL_PATH_LIST, COMMON_INSTANCE, MODULE
VC Static:Verification:CDC:Open:error:Sync-Stage:CDC_UNSYNC_NOSCHEME=rowid, REASON_INFO_LIST, SOURCE_POINT, NG_DESTINATION_POINT, NG_SOURCE_CLOCK_LIST, NG_DESTINATION_CLOCK_LIST, NG_SOURCE_TYPE, NG_DESTINATION_TYPE, COMMON_INSTANCE, MODULE
VC Static:Verification:CDC:Open:error:Conv-Stage=rowid, REPORT_TYPE, REASON_INFO_LIST, NG_CONVERGENCE_POINT, NG_CONVERGING_CONTROL_PATH_LIST, NG_MAX_CONV_DEPTH, COMMON_INSTANCE, MODULE
VC Static:Verification:CDC:Open:error:Conv-Stage:CDC_COHERENCY_RECONV_SEQ=rowid, REASON_INFO_LIST, NG_CONVERGENCE_POINT, NG_CONVERGING_CONTROL_PATH_LIST, NG_MAX_CONV_DEPTH, COMMON_INSTANCE, MODULE
VC Static:Verification:CDC:Open:error:Conv-Stage:CDC_COHERENCY_RECONV_COMB=rowid, REASON_INFO_LIST, NG_CONVERGENCE_POINT, NG_CONVERGING_CONTROL_PATH_LIST, COMMON_INSTANCE, MODULE
VC Static:Verification:CDC:Open:error:Conv-Stage:CDC_COHERENCY_ASYNCSRCS_RECONV_SEQ=rowid, REASON_INFO_LIST, NG_CONVERGENCE_POINT, NG_CONVERGING_CONTROL_PATH_LIST, NG_MAX_CONV_DEPTH, COMMON_INSTANCE, MODULE
VC Static:Verification:CDC:Open:info=rowid, REPORT_TYPE, REASON_INFO_LIST, NG_RESET, CDC_PORT_NAME, DIRECTION, STATUS, CONSTRAINT_INFO_LIST, CLOCK_DOMAIN, PIN_NAME, PIN_VALUE, INSTANCE_NAME, DRIVER_CLOCK, PROPAGATED_CLOCK_LIST, SEQ_PIN_REACHABLE, BBOX_PIN_REACHABLE, SOURCE_POINT, NG_DESTINATION_POINT, NG_SOURCE_CLOCK_LIST, NG_DESTINATION_CLOCK_LIST, NG_SOURCE_TYPE, NG_DESTINATION_TYPE, NG_SYNC_OUTPUT_NAME, NG_CONTROL_PATH_LIST, SYNC_DEPTH, NG_SYNC_CELL_NAME, COMMON_INSTANCE, MODULE
VC Static:Verification:CDC:Open:info:Setup-Stage=rowid, REPORT_TYPE, CLOCK_DOMAIN, NG_RESET, CDC_PORT_NAME, DIRECTION, STATUS, CONSTRAINT_INFO_LIST, REASON_INFO_LIST, PIN_NAME, PIN_VALUE, INSTANCE_NAME, DRIVER_CLOCK, NG_DESTINATION_TYPE, PROPAGATED_CLOCK_LIST, SEQ_PIN_REACHABLE, BBOX_PIN_REACHABLE, COMMON_INSTANCE, MODULE
VC Static:Verification:CDC:Open:info:Setup-Stage:SETUP_DATA_CONSTANT=rowid, REASON_INFO_LIST, PIN_NAME, PIN_VALUE, INSTANCE_NAME, DRIVER_CLOCK, NG_DESTINATION_TYPE, COMMON_INSTANCE, MODULE
VC Static:Verification:CDC:Open:info:Setup-Stage:SETUP_CLOCK_PROPAGATED=rowid, CLOCK_DOMAIN, PROPAGATED_CLOCK_LIST, SEQ_PIN_REACHABLE, BBOX_PIN_REACHABLE, COMMON_INSTANCE, MODULE
VC Static:Verification:CDC:Open:info:Setup-Stage:SETUP_RESET_PROPAGATED=rowid, NG_RESET, SEQ_PIN_REACHABLE, COMMON_INSTANCE, MODULE
VC Static:Verification:CDC:Open:info:Setup-Stage:SETUP_PORT_CONSTRAINED=rowid, CDC_PORT_NAME, DIRECTION, STATUS, CONSTRAINT_INFO_LIST
VC Static:Verification:CDC:Open:info:Sync-Stage=rowid, REPORT_TYPE, REASON_INFO_LIST, SOURCE_POINT, NG_DESTINATION_POINT, NG_SOURCE_CLOCK_LIST, NG_DESTINATION_CLOCK_LIST, NG_SOURCE_TYPE, NG_DESTINATION_TYPE, NG_SYNC_OUTPUT_NAME, NG_CONTROL_PATH_LIST, SYNC_DEPTH, NG_SYNC_CELL_NAME, COMMON_INSTANCE, MODULE
VC Static:Verification:CDC:Open:info:Sync-Stage:CDC_SYNC_CTRL=rowid, REASON_INFO_LIST, SOURCE_POINT, NG_DESTINATION_POINT, NG_SOURCE_CLOCK_LIST, NG_DESTINATION_CLOCK_LIST, NG_SOURCE_TYPE, NG_DESTINATION_TYPE, NG_SYNC_OUTPUT_NAME, SYNC_DEPTH, NG_SYNC_CELL_NAME, COMMON_INSTANCE, MODULE
VC Static:Verification:CDC:Open:info:Sync-Stage:CDC_SYNC_DATA=rowid, REASON_INFO_LIST, SOURCE_POINT, NG_DESTINATION_POINT, NG_SOURCE_CLOCK_LIST, NG_DESTINATION_CLOCK_LIST, NG_SOURCE_TYPE, NG_DESTINATION_TYPE, NG_CONTROL_PATH_LIST, COMMON_INSTANCE, MODULE
} -bRestoreFilter {1} -dock {0} -h {896} -showFltCfg {0} -tag {all} -title {___SNPS_NONE} -w {1908} -x {0} -y {22} -trigger
waitfor aaMonetViewDone:0

action aaMonetCheckLocator:0 -reset
action aaMonetCheckLocator:0 -trigger
waitfor aaMonetCheckLocator:0

action aaHierViewSrc:0 -reset
action aaHierViewSrc:0 -trigger
waitfor aaHierViewSrc:0

