


=========[ Log Begin ]=============

DB_PATH : vcst_rtdb/.internal/svi/
MAX RESULTS : None
KEY_LIST : []
Open database : vcst_rtdb/.internal/svi/report.db
	Success!
Time start at : 1781447905.9875412
Time end at : 1781447905.9875755
	Elapsed : 3.4332275390625e-05
Close database : 
	Success!

=========[ Log End   ]=============



=========[ Log Begin ]=============

DB_PATH : vcst_rtdb/.internal/svi/
MAX RESULTS : None
KEY_LIST : []
Open database : vcst_rtdb/.internal/svi/report.db
	Success!
Time start at : 1781447909.8881876
Time end at : 1781447909.8882084
	Elapsed : 2.0742416381835938e-05
Close database : 
	Success!

=========[ Log End   ]=============
