goal@@lint_rtl_enhanced
methodology@@
SameControlNDataNet-ML@@IGNORE_INVERTERS@@0@@0
STARC05-1.4.3.2@@SHOW_CONNECTED_NET@@yes@@yes
STARC05-1.4.3.2@@ALLOW_LATCH_CLOCK_SOURCE@@0@@0
STARC05-1.4.3.2@@REPORT_ON_NO_FUNCVIEW_DB@@NO@@NO
STARC05-1.4.3.2@@REPORT_ALL_FLOPS@@NO@@NO
LatchFeedback@@EFFORT_LEVEL@@100@@100
LatchFeedback@@EFFORT_DEPTH@@100@@100
LatchFeedback@@LATCH_CHAIN_MAX_LENGTH@@2@@2
LatchFeedback@@OVERLAPPINGLATCHLOOPS@@yes@@yes
LatchFeedback@@ALLVIOL@@0@@0
LatchFeedback@@NET_COUNT@@1@@1
LatchFeedback@@ENABLE_BUSMERGING@@yes@@yes
LatchFeedback@@STOP_AT_NO_FUNC_VIEW@@no@@no
LatchFeedback@@HANDLE_BIT_INDEXES@@1@@1
W414@@TREAT_LATCH_AS_COMBINATIONAL@@0@@yes
W414@@FAST@@no@@no
W336@@CHECK_TEMPORARY_FLOP@@0@@0
W336@@TREAT_LATCH_AS_COMBINATIONAL@@0@@yes
W336@@IGNORE_LOCAL_VARIABLES@@0@@0
W336@@IGNORECELLNAME@@@@
W336@@FAST@@no@@no
STARC05-2.2.3.1@@CHECK_DEPENDENCY@@0@@0
STARC05-2.2.3.1@@REPORT_RTL_STYLE_NAME@@1@@1
STARC05-2.5.1.2@@STRICT@@0@@0
STARC05-2.5.1.2@@NO_STRICT@@0@@0
STARC05-2.5.1.2@@IGNORE_FLOPS@@0@@0
STARC05-2.4.1.5@@COMBO_DEPTH@@1@@1
STARC05-2.4.1.5@@IGNORE_MUX_CELL@@0@@0
W438@@FAST@@0@@0
W438@@CHECK_Z_ASSIGN@@0@@0
TristateSig-ML@@CHECK_Z_ASSIGN@@0@@0
TristatePort-ML@@STRICT@@no@@no
TristatePort-ML@@NO_STRICT@@0@@0
TristatePort-ML@@CHECK_Z_ASSIGN@@0@@0
CombLoop@@ALLVIOL@@0@@0
CombLoop@@EFFORT_LEVEL@@100@@100
CombLoop@@EFFORT_DEPTH@@100@@100
CombLoop@@ENABLEE2Q@@0@@yes
CombLoop@@ENABLE_LATCH_BASED_CLUSTERS@@0@@0
CombLoop@@REPORT_NODE_COUNT@@0@@0
CombLoop@@IGNORESRLATCH@@0@@0
CombLoop@@IGNORE_IOPAD@@0@@0
CombLoop@@IGNORE_MEMORY@@0@@0
CombLoop@@OVERLAPPINGLOOPS@@yes@@yes
CombLoop@@REPORT_FLOP_CLOCK_LOOP@@0@@0
CombLoop@@REPORT_FLOP_RESET_LOOP@@0@@yes
CombLoop@@REPORT_MUX_SELECT@@1@@1
CombLoop@@STRICT@@0@@yes
CombLoop@@NO_STRICT@@0@@0
CombLoop@@STOP_ON_LATCH@@yes@@yes
CombLoop@@NET_COUNT@@10@@10
CombLoop@@REPORT_MUX_LOOP@@1@@1
CombLoop@@REPORT_CLOCK_RESET_LOOPS@@no@@no
CombLoop@@LOOP_RESET_TO_Q@@0@@0
CombLoop@@REPORT_LOOP_THRU_CGC@@0@@0
CombLoop@@COMBLOOP_WAIVER_COMPAT@@no@@no
CombLoop@@ENABLE_BUSMERGING@@yes@@yes
CombLoop@@IGNORE_INTERNAL_LOOPS@@no@@no
CombLoop@@CHECK_LOOP_BREAKERS@@0@@0
CombLoop@@STOP_AT_NO_FUNC_VIEW@@1@@1
CombLoop@@REPORT_VERBOSE_MSG@@NO@@NO
STARC05-1.3.1.3@@SHOW_CONNECTED_NET@@yes@@yes
STARC05-1.3.1.3@@ALLOW_COMBO_LOGIC_BASE@@0@@0
STARC05-1.3.1.3@@HANDLE_LATCH_SETRESET@@0@@0
STARC05-1.3.1.3@@IGNORE_MODULE_CELL@@@@
STARC05-1.3.1.3@@IGNORE_NON_RESET@@no@@no
STARC05-1.3.1.3@@REPORT_ALL_RST@@0@@0
STARC05-1.3.1.3@@RESET_SYNCHRONIZER_MODNAME@@@@
STARC05-1.3.1.3@@WAIVER_COMPAT@@0@@0
STARC05-1.3.1.3@@IGNORE_CELL@@@@
STARC05-1.3.1.3@@IGNORE_MEMORY@@0@@0
STARC05-1.3.1.3@@CHECK_LATCH@@none@@none
STARC05-1.3.1.3@@REPORT_UNDRIVEN_RESET@@yes@@yes
STARC05-1.3.1.3@@REPORT_NONUSERMUX@@yes@@yes
STARC05-1.3.1.3@@REPORT_FILE_LINE_ON_SOURCE@@0@@0
STARC05-1.3.1.3@@CHECK_FOR_RESET_AFTER_MUX@@0@@0
checkPinConnectedToSupply@@ALLVIOL@@0@@0
checkPinConnectedToSupply@@ONLY_APPLY_ON_LEAF_CELL@@1@@1
checkPinConnectedToSupply@@APPLY_ONLY_ON_OUTPUTS@@0@@0
checkPinConnectedToSupply@@IMPLICIT_SUPPLY@@0@@0
checkPinConnectedToSupply@@SUPPLYLOW@@@@
checkPinConnectedToSupply@@SUPPLYHIGH@@@@
checkPinConnectedToSupply@@CHECK_BLACKBOX_INTERFACE@@1@@1
checkPinConnectedToSupply@@DISABLE_FLATTENED_NET@@0@@0
checkPinConnectedToSupply@@IGNORE_DEFAULT_SUPPLY@@no@@no
checkPinConnectedToSupply@@REPORT_ALL_PINS@@no@@no
checkPinConnectedToSupply@@IGNORE_PAD_CELL@@NO@@NO
W415@@STRICT@@0@@0
W415@@NO_STRICT@@0@@0
W415@@ASSUME_DRIVER_LOAD@@0@@yes
W415@@CHECKCONSTASSIGN@@0@@yes
W415@@CHECK_BBOX_DRIVER@@0@@0
W415@@FAST@@0@@0
W415@@IGNORE_GREYBOX_DRIVER@@no@@no
W415@@IGNORE_SAME_DRIVERS@@no@@no
W415@@HANDLE_EQUIVALENT_DRIVERS@@no@@yes
W415@@CHECK_PG_PINS@@0@@0
W415@@IGNORE_EQUIVALENT_DRIVERS@@1@@1
W415@@SHOW_CONNECTED_NET@@no@@no
W415@@MAX_DRIVER_COUNT@@200@@200
W415@@CHECK_TRISTATE_DRIVER@@NO@@NO
W415@@REPORT_ALL_SIBLING@@NO@@NO
W415@@IGNORE_PAD_PIN@@NO@@NO
STARC05-1.4.3.4@@SHOW_CONNECTED_NET@@yes@@yes
STARC05-1.4.3.4@@ALLOW_COMBO_LOGIC_BASE@@0@@0
STARC05-1.4.3.4@@REPORT_ALLCLK@@0@@0
STARC05-1.4.3.4@@REPORT_ALLCLK_OPTIMIZED@@0@@0
STARC05-1.4.3.4@@IGNORE_MODULE_CELL@@@@
STARC05-1.4.3.4@@IGNORE_LATCHES@@1@@1
STARC05-1.4.3.4@@IGNORE_CLK_GENERATOR@@1@@1
STARC05-1.4.3.4@@CHECK_CLOCK_CELL@@@@
STARC05-1.4.3.4@@CLK_ENABLELATCH@@1@@1
STARC05-1.4.3.4@@TRAVERSE_THROUGH_MUX@@no@@no
STARC05-1.4.3.4@@IGNORE_CELL@@@@
STARC05-1.4.3.4@@DISABLE_CLOCK_SORTING@@0@@0
STARC05-1.4.3.4@@REPORT_UNDRIVEN_CLOCK@@yes@@yes
STARC05-1.4.3.4@@REPORT_NONUSERMUX@@yes@@yes
STARC05-1.4.3.4@@REPORT_FILE_LINE_ON_SOURCE@@0@@0
STARC05-1.4.3.4@@ENABLE_BUSMERGING@@yes@@yes
STARC05-1.4.3.4@@SHOW_NONCLK_PATH@@no@@no
FlopClockConstant@@ALLVIOL@@0@@0
FlopClockConstant@@REPORT_IMMEDIATE_SRC@@0@@0
FlopClockConstant@@IGNORE_SAME_SOURCE@@1@@1
FlopClockConstant@@REPORT_INFERRED_CELL@@0@@0
FlopClockConstant@@IGNORE_HANGING_FLOP@@0@@0
FlopClockConstant@@SHOW_CONNECTED_NET@@yes@@yes
FlopClockConstant@@SEARCH_CONST_NET_EXTENDED@@no@@no
FlopClockConstant@@REPORT_SORTED_ORDER@@1@@1
FlopClockConstant@@REPORT_CONST_CONNECT@@0@@0
FlopClockConstant@@HANDLE_BIT_INDEXES@@YES@@YES
FlopClockConstant@@IGNORE_SAME_SUPPLY_SOURCE@@0@@0
FlopClockConstant@@DISPLAY_GATE_PIN_NAME@@1@@1
FlopClockConstant@@HANDLE_MUX_SELECT@@no@@no
FlopSRConst@@ALLVIOL@@0@@0
FlopSRConst@@REPORT_IMMEDIATE_SRC@@0@@0
FlopSRConst@@IGNORE_SAME_SOURCE@@1@@1
FlopSRConst@@REPORT_INFERRED_CELL@@0@@0
FlopSRConst@@IGNORE_HANGING_FLOP@@0@@0
FlopSRConst@@SHOW_CONNECTED_NET@@yes@@yes
FlopSRConst@@SEARCH_CONST_NET_EXTENDED@@no@@no
FlopSRConst@@IGNORE_LIBCELL_TRAVERSAL@@no@@no
FlopSRConst@@REPORT_SORTED_ORDER@@1@@1
FlopSRConst@@HANDLE_BIT_INDEXES@@YES@@YES
FlopSRConst@@IGNORE_SAME_SUPPLY_SOURCE@@0@@0
FlopSRConst@@DISPLAY_GATE_PIN_NAME@@1@@1
FlopSRConst@@REPORT_ALL_CONST_RESET@@NO@@NO
FlopSRConst@@HANDLE_MUX_SELECT@@no@@no
BufClock@@IGNORECELLNAME@@@@
BufClock@@STRICT@@no@@no
BufClock@@NO_STRICT@@0@@0
BufClock@@REPORT_CHAIN_ALSO@@1@@1
BufClock@@ONE_VIOL_PER_SOURCE@@1@@1
BufClock@@ALLOW_LATCH_CLOCK_SOURCE@@0@@0
BufClock@@SHOW_CONNECTED_NET@@yes@@yes
BufClock@@REPORT_THROUGH_MUX@@0@@0
UndrivenNet-ML@@CHECKINHIERARCHY@@yes@@yes
UndrivenNet-ML@@IGNORE_UNLOADED_INST@@no@@no
UndrivenNet-ML@@HANDLE_GREYBOX@@yes@@yes
UndrivenNet-ML@@IGNORERTLBUFFER@@yes@@yes
UndrivenNet-ML@@IGNORE_UNUSED_FLOP@@no@@no
UndrivenNet-ML@@IGNORE_SIBLING_VIOL@@NO@@NO
UndrivenInTerm-ML@@CHECKINHIERARCHY@@yes@@yes
UndrivenInTerm-ML@@CHECKFULLBUS@@no@@yes
UndrivenInTerm-ML@@IGNORE_UNLOADED_INST@@no@@no
UndrivenInTerm-ML@@REPORT_FLOATING_SOURCE@@no@@no
UndrivenInTerm-ML@@IGNORE_INOUT@@no@@no
UndrivenInTerm-ML@@CHECKRTLCINST@@no@@yes
UndrivenInTerm-ML@@HANDLE_GREYBOX@@yes@@yes
UndrivenInTerm-ML@@SKIP_LIB_CELL_CHECKING@@no@@no
UndrivenInTerm-ML@@APPLY_ON_LIB_CELL_ONLY@@no@@no
UndrivenInTerm-ML@@CHECK_DEFAULT_VALUE@@yes@@yes
UndrivenInTerm-ML@@IGNORERTLBUFFER@@yes@@yes
UndrivenInTerm-ML@@IGNORE_DELIBERATELY_UNCONNECTED@@no@@no
UndrivenInTerm-ML@@IGNORE_UNUSED_FLOP@@no@@no
UndrivenInTerm-ML@@ENABLE_INST_BASED_BUS_MERGING@@yes@@yes
UndrivenInTerm-ML@@REPORT_ALL_SIBLING@@NO@@NO
UndrivenOutPort-ML@@CHECKINHIERARCHY@@yes@@yes
UndrivenOutPort-ML@@HANDLE_GREYBOX@@yes@@yes
UndrivenOutPort-ML@@IGNORE_UNLOADED_INST@@no@@no
UndrivenOutPort-ML@@IGNORERTLBUFFER@@yes@@yes
UndrivenOutPort-ML@@CHECKTOPDU@@0@@0
UndrivenOutPort-ML@@REPORT_ALL_SIBLING@@NO@@NO
UndrivenOutPort-ML@@ENABLE_INST_BASED_BUS_MERGING@@yes@@yes
W287a@@FAST@@no@@no
W287a@@STRICT@@no@@no
W287a@@FILTER_MARK_OPEN@@no@@no
W287a@@REPORT_ONLY_FROM_ONE_HIERARCHY@@no@@no
W287a@@REPORT_SINGLE_VIOLATION@@no@@no
W287a@@NO_STRICT@@0@@0
W287a@@ENABLE_INST_BASED_BUS_MERGING@@yes@@yes
NoFeedThrus-ML@@ALLVIOL@@0@@0
NoFeedThrus-ML@@CHECKTOPDU@@0@@yes
NoFeedThrus-ML@@ALLOW_COMBO_LOGIC_BASE@@0@@0
NoFeedThrus-ML@@CATEGORIZE_VIOLATIONS@@0@@0
STARC05-3.3.1.4b@@IGNORE_HANGING_FLOP@@0@@0
STARC05-3.3.1.4b@@FLAG_UNCONNECTED_OUT_FLOPS@@0@@0
STARC05-3.3.1.4b@@REPORT_ONLY_FROM_ONE_HIERARCHY@@no@@no
STARC05-3.3.1.4b@@BUS_WIDTH_HANGING_FLOP@@32@@32
W391@@ALLOW_COMBO_LOGIC_BASE@@0@@0
W391@@SHOW_CONNECTED_NET@@yes@@yes
W391@@CHECK_COMPLETE_DESIGN@@@@
W391@@FAST@@@@
W391@@DISABLE_CLOCK_SORTING@@0@@0
W391@@REPORT_ALL_PAIR@@0@@0
W392@@REPORT_FILE_LINE_ON_SOURCE@@0@@0
W392@@ALLOW_COMBO_LOGIC_BASE@@0@@0
W392@@CHECK_COMPLETE_DESIGN@@no@@no
W392@@CHECKSYNCRESET@@yes@@yes
W392@@CHECK_LATCH@@no@@no
W392@@WAIVER_COMPAT@@no@@no
W392@@FAST@@no@@no
W392@@IGNORE_SYNC_RESET_FOR_ASYNC_RESET_FLOP@@yes@@yes
W392@@SHOW_CONNECTED_NET@@yes@@yes
W392@@REPORT_ALL_PAIR@@0@@0
W392@@REPORT_VERBOSE_MSG@@NO@@NO
InferLatch@@REPORTLATCHHIERARCHY@@no@@no
InferLatch@@IGNORELATCHHIERARCHY@@no@@no
InferLatch@@REPORTALWAYSLATCH@@no@@no
InferLatch@@REPORTLIBLATCH@@no@@no
InferLatch@@REPORTHANGINGLATCH@@no@@no
InferLatch@@STRICT@@no@@no
InferLatch@@NO_STRICT@@0@@0
InferLatch@@IGNOREREALLATCH@@no@@no
InferLatch@@IGNORE_LATCH_CELL@@@@
InferLatch@@ALLOW_LATCH_CELL@@@@
InferLatch@@ENABLE_INST_BASED_BUS_MERGING@@yes@@yes
InferLatch@@ENABLE_LATCH_TYPE@@no@@no
W401@@FAST@@0@@0
W402b@@FAST@@0@@0
W402b@@WAIVER_COMPAT@@0@@0
W402b@@RESET_GEN_MODULE@@@@
W402b@@ENABLE_INST_BASED_BUS_MERGING@@yes@@yes
W402b@@REPORT_VIOL_BBOX@@NO@@NO
W402b@@IGNORE_RESET_SYNC@@NO@@NO
STARC05-2.8.1.3@@CHECK_CASE_INSIDES@@no@@no
STARC05-2.8.1.3@@IGNORE_PRIORITY_CASE@@no@@no
STARC05-2.8.1.3@@IGNORE_SAME_CASE_ITEM@@no@@no
STARC05-2.10.1.4b@@IGNORE_CASE_COMPARE_OP@@no@@no
STARC05-2.10.1.4a@@CHECK_ANY_BIT_FOR_XZ@@no@@no
STARC05-2.10.1.4a@@IGNORE_CASE_INSIDE@@no@@no
STARC05-2.10.1.4a@@IGNORE_QMARK@@no@@no
STARC05-2.1.3.1@@CHECK_PAD_CONCAT@@no@@no
STARC05-2.1.3.1@@CHECK_SHIFTED_WIDTH@@no@@no
STARC05-2.1.3.1@@CHECK_TASK_CALLS@@no@@no
STARC05-2.1.3.1@@IGNORE_PADDING@@no@@no
STARC05-2.1.3.1@@IGNORE_PARAM_TYPE@@no@@no
STARC05-2.1.3.1@@IGNORE_TRUNCATION@@no@@no
STARC05-2.1.3.1@@NOCHECKOVERFLOW@@ImproperRangeIndex-ML,LINT_IMPROPER_RANGE_INDEX,MTK_ImproperRangeIndex@@yes
STARC05-2.1.3.1@@REPORT_REASON@@no@@no
STARC05-2.1.3.1@@USE_LRM_WIDTH@@no@@no
STARC05-2.1.1.2@@NO_STRICT@@@@
STARC05-2.1.1.2@@REPORT_ONLY_FROM_ONE_HIERARCHY@@no@@no
STARC05-2.1.1.2@@STRICT@@no@@no
STARC05-2.11.3.1@@IGNORE_FSM_COUNTER@@no@@no
STARC05-2.11.3.1@@NO_STRICT@@@@
STARC05-2.11.3.1@@STRICT@@no@@no
STARC05-2.10.3.2a@@CHECK_GENVAR@@no@@no
STARC05-2.10.3.2a@@DISABLE_RTL_DEADCODE@@no@@no
STARC05-2.10.3.2a@@ENABLE_RTL_DEADCODE@@no@@no
STARC05-2.10.3.2a@@NOCHECKOVERFLOW@@ImproperRangeIndex-ML,LINT_IMPROPER_RANGE_INDEX,MTK_ImproperRangeIndex@@yes
STARC05-2.10.3.2a@@CHECK_STATIC_VALUE@@no@@no
STARC05-2.10.3.2a@@USE_LRM_WIDTH@@no@@no
STARC05-2.10.2.3@@HANDLE_NEGATION_SEMANTICS@@no@@no
STARC05-2.9.1.2b@@NO_STRICT@@@@
STARC05-2.9.1.2b@@STRICT@@no@@no
STARC05-2.9.1.2a@@NO_STRICT@@@@
STARC05-2.9.1.2a@@STRICT@@no@@no
STARC05-2.8.5.1@@IGNORE_IFELSE_TYPE_CASE@@no@@no
STARC05-2.3.1.6@@IGNORE_NON_RESET@@no@@no
STARC05-2.2.3.3@@NO_STRICT@@@@
STARC05-2.2.3.3@@STRICT@@no@@no
STARC05-2.1.4.5@@USE_SECONDARY_MESSAGE@@no@@no
sim_race02@@EVALUATE_FOR_LOOPS@@no@@no
sim_race02@@WAIVER_COMPAT@@no@@no
ReserveName@@ALLRESERVEWORDS@@no@@no
ReserveName@@RESERVE_NAMES@@spy_default_list@@spy_default_list
ReserveName@@RESERVE_NAMES_VH@@spy_default_list@@spy_default_list
SetBeforeRead-ML@@AVOID_NBA_ALWAYS_LATCH@@no@@no
SetBeforeRead-ML@@CHECK_ALL_FUNCTIONS@@no@@no
SetBeforeRead-ML@@CHECK_ALWAYS_BLOCK@@default@@default
SetBeforeRead-ML@@CHECK_OUTPUT_PORTS@@no@@no
SetBeforeRead-ML@@CHECK_SUBPROGRAM@@no@@no
SetBeforeRead-ML@@IGNORENONSTATICOVERLAP@@no@@no
SetBeforeRead-ML@@IGNORE_AUTO_FUNCTION@@no@@no
SetBeforeRead-ML@@IGNORE_DECLARATIONS@@no@@no
SetBeforeRead-ML@@IGNORE_FUNCTION_INITIALIZATION@@no@@no
SetBeforeRead-ML@@REPORT_ONLY_FROM_ONE_HIERARCHY@@no@@no
NoGenLabel-ML@@CHECKINSTNAME@@@@
NoGenLabel-ML@@CHECK_DUP_LABEL@@no@@yes
NoGenLabel-ML@@CHECK_NESTED_DECL@@no@@no
NoGenLabel-ML@@GENLABELTYPE@@generate-if,generate-for,generate-case@@yes
NoGenLabel-ML@@NO_STRICT@@@@
NoGenLabel-ML@@STRICT@@no@@no
AutomaticFuncTask-ML@@CHECK_NAMES_SPACE@@module,interface,package@@module,interface,package
AutomaticFuncTask-ML@@DIFFERENTIATE_STATIC@@no@@no
DuplicateCaseLabel-ML@@ATTACH_VIOLATION_TAG@@no@@no
DuplicateCaseLabel-ML@@CHECK_CASE_INSIDE@@no@@no
DuplicateCaseLabel-ML@@IGNORE_DUP_LABEL_STMT@@no@@no
DuplicateCaseLabel-ML@@REPORT_NON_STATIC_LABELS@@no@@no
ParamWidthMismatch-ML@@CHECK_ASSIGN_PATTERN@@no@@no
ParamWidthMismatch-ML@@CHECK_INST_CONNECTIONS@@no@@no
NoAssignX-ML@@ADD_SIGNATURE_EXPRESSION@@no@@no
NoAssignX-ML@@CHECK_ENUM_DECL@@no@@no
NoAssignX-ML@@CHECK_XASSIGN_CASEDEFAULT@@no@@no
NoAssignX-ML@@IGNORE_FULLCASE_DEFAULT@@no@@no
NoAssignX-ML@@NOCHECK_ALWAYS_INIT@@no@@no
ImproperRangeIndex-ML@@CHECK_NATURAL_WIDTH_OF_DIV@@no@@no
ImproperRangeIndex-ML@@CHECK_NATURAL_WIDTH_OF_MODULO@@no@@no
ImproperRangeIndex-ML@@CONCAT_SIZE_BASED_WIDTH@@no@@no
ImproperRangeIndex-ML@@DISABLE_RTL_DEADCODE@@no@@no
ImproperRangeIndex-ML@@EVAL_IF_LOOP_INDEX@@no@@no
ImproperRangeIndex-ML@@IGNOREINTEGER@@no@@no
ImproperRangeIndex-ML@@NOCHECKOVERFLOW@@ImproperRangeIndex-ML,LINT_IMPROPER_RANGE_INDEX,MTK_ImproperRangeIndex@@ImproperRangeIndex-ML,LINT_IMPROPER_RANGE_INDEX,MTK_ImproperRangeIndex
ImproperRangeIndex-ML@@REPORT_LOOP_VAR_EXPR@@no@@no
ImproperRangeIndex-ML@@REPORT_MAX_VAL_OVERFLOW@@no@@no
ImproperRangeIndex-ML@@REPORT_MIN_VAL_UNDERFLOW@@no@@no
ImproperRangeIndex-ML@@REPORT_ONLY_FROM_ONE_HIERARCHY@@no@@no
ImproperRangeIndex-ML@@REPORT_STATIC_INDEXES@@no@@no
ImproperRangeIndex-ML@@REPORT_UNDERFLOW_EXPRESSIONS@@no@@no
ImproperRangeIndex-ML@@REPORT_UNSIGN_NEGATIVE_OVERFLOW@@no@@no
UnrecSynthDir-ML@@CHECK_ALL_PRAGMAS@@no@@no
UnrecSynthDir-ML@@SYNTH_DIR_LIST@@translate_off translate_on parallel_case full_case state_vector enum template dc_script_begin dc_script_end map_to_module return_port_name infer_mux infer_mux_override resource async_set_reset async_set_reset_local async_set_reset_local_all sync_set_reset sync_set_reset_local sync_set_reset_local_all infer_multibit dont_infer_multibit label_applies_to label one_cold one_hot@@translate_off translate_on parallel_case full_case state_vector enum template dc_script_begin dc_script_end map_to_module return_port_name infer_mux infer_mux_override resource async_set_reset async_set_reset_local async_set_reset_local_all sync_set_reset sync_set_reset_local sync_set_reset_local_all infer_multibit dont_infer_multibit label_applies_to label one_cold one_hot
W505@@REPORT_ASSIGNMENT@@default@@default
W494@@CHKTOPMODULE@@no@@yes
W494@@HANDLE_LARGE_BUS@@no@@no
W494@@NO_STRICT@@@@
W494@@STRICT@@no@@no
W467@@IGNORE_PARAM_CASE_CONDITION@@no@@no
W467@@IGNORE_TYPEDEFS_ENUM@@no@@no
W467@@IGNORE_WILDCARD_OPERATORS@@no@@no
W444@@NO_STRICT@@@@
W444@@STRICT@@no@@no
W443@@IGNORE_ALWAYS_IF@@no@@no
W443@@IGNORE_TYPEDEFS@@no@@no
W443@@NO_STRICT@@@@
W443@@STRICT@@no@@no
W424@@IGNORE_INTERFACE_LOCALS@@no@@no
W398@@NO_STRICT@@@@
W398@@STRICT@@no@@no
W398@@WAIVER_COMPAT@@no@@no
W241@@CHECKFULLBUS@@no@@yes
W241@@CHECKFULLSTRUCT@@no@@no
W241@@DISABLE_SIGNAL_USAGE_REPORT@@no@@no
W241@@HANDLE_LARGE_BUS@@no@@no
W240@@CHECK_ASSERT@@no@@no
W240@@CHECKFULLBUS@@no@@yes
W240@@CHECKFULLRECORD@@no@@no
W240@@CHECKFULLSTRUCT@@no@@no
W240@@DISABLE_SIGNAL_USAGE_REPORT@@no@@no
W240@@HANDLE_LARGE_BUS@@no@@no
W240@@REPORT_ONLY_FROM_ONE_HIERARCHY@@no@@no
W210@@IGNORE_INOUT@@no@@no
W210@@SET_MESSAGE_SEVERITY@@no@@no
W164a@@ADD_FUNC_CALL@@no@@no
W164a@@CHECKOPERATOROVERLOAD@@yes@@yes
W164a@@CHECK_ASSIGN_PATTERN@@no@@no
W164a@@CHECK_CONCAT_MAX_WIDTH@@no@@no
W164a@@CHECK_COUNTER_ASSIGNMENT@@no@@no
W164a@@CHECK_EXPLICIT_WIDTH@@no@@no
W164a@@CHECK_LRM_AND_NATURAL_WIDTH@@no@@no
W164a@@CHECK_MULTIPLICATION_AS_NONSTATIC@@no@@no
W164a@@CHECK_NATURAL_WIDTH_FOR_STATIC@@no@@no
W164a@@CHECK_NATURAL_WIDTH_OF_DIV@@no@@no
W164a@@CHECK_NATURAL_WIDTH_OF_MODULO@@no@@no
W164a@@CHECK_NATURAL_WIDTH_OF_MULTIPLICATION@@no@@no
W164a@@CHECK_SHIFTED_ONLY@@no@@no
W164a@@CHECK_STATIC_NATURAL_WIDTH@@no@@no
W164a@@CHECK_STATIC_VALUE@@no@@no
W164a@@CHECK_UNSIGN_OVERFLOW@@no@@no
W164a@@CONCAT_WIDTH_NF@@no@@no
W164a@@CONSIDER_LRM_FOR_DIV@@no@@no
W164a@@CONSIDER_NEGVALUE_OF_SIGNED_DIVISOR@@no@@no
W164a@@CONSIDER_SUB_AS_ADD@@W362,W362a,W362b@@W362,W362a,W362b
W164a@@CONSIDER_SUB_AS_COUNTER@@no@@no
W164a@@CONTROL_SIG_DETECTION_NF@@no@@no
W164a@@DATAPATH_OR_CONTROL@@no@@no
W164a@@DISABLE_RTL_DEADCODE@@no@@no
W164a@@ENABLE_CACHING@@no@@no
W164a@@ENABLE_RTL_DEADCODE@@no@@no
W164a@@EXTEND_RHS_SIGN_BIT@@W164b,W164b_a,W164b_b,W164c@@W164b,W164b_a,W164b_b,W164c
W164a@@FORCE_HANDLE_SHIFT_OP@@no@@no
W164a@@HANDLE_LRM_PARAM_IN_SHIFT@@no@@no
W164a@@HANDLE_SHIFT_OP@@no@@no
W164a@@HANDLE_ZERO_PADDING@@no@@no
W164a@@IGNOREINTEGER@@no@@no
W164a@@IGNORE_COUNTER_WITH_SAME_WIDTH@@no@@no
W164a@@IGNORE_LHS_SIGN_BIT@@no@@no
W164a@@IGNORE_NONSTATIC_LEFTSHIFT@@no@@no
W164a@@IGNORE_PARAMETER_ASSIGNMENT@@no@@no
W164a@@IGNORE_VARIABLE_COUNTERS@@no@@no
W164a@@NO_STRICT@@@@
W164a@@NOCHECKOVERFLOW@@ImproperRangeIndex-ML,LINT_IMPROPER_RANGE_INDEX,MTK_ImproperRangeIndex@@ImproperRangeIndex-ML,LINT_IMPROPER_RANGE_INDEX,MTK_ImproperRangeIndex
W164a@@PROCESS_COMPLETE_CONDOP@@no@@no
W164a@@REPORT_NONBLOCKING_IN_ERROR@@no@@no
W164a@@REPORT_ONLY_FROM_ONE_HIERARCHY@@no@@no
W164a@@SIGN_EXTEND_FUNC_NAMES@@EXTEND,resize@@EXTEND,resize
W164a@@STRICT@@no@@no
W164a@@TREAT_CONCAT_ASSIGN_SEPARATELY@@no@@no
W164a@@USE_CARRY_BIT@@W164a,W164b,W164b_b,W164b_b@@W164a,W164b,W164b_b,W164b_b
W164a@@USE_LRM_WIDTH@@no@@no
W146@@CHECK_PARAM_ASSOCIATION@@no@@yes
W71@@CHECK_SEQUENTIAL@@no@@yes
W71@@DO_NOT_RUN_W71@@no@@no
W71@@HANDLE_CASE_SELECT@@64@@64
W71@@IGNORE_UNIQUE_AND_PRIORITY@@no@@no
W71@@NO_STRICT@@@@
W71@@REPORT_ONLY_FROM_ONE_HIERARCHY@@no@@no
W71@@STRICT@@no@@no
W416@@W416_VHDL_ONLY@@no@@no
W416@@CHECK_COUNTER_ASSIGNMENT@@no@@no
W416@@CHECK_STATIC_VALUE@@no@@no
W416@@CONSIDER_SUB_AS_ADD@@W362,W362a,W362b@@W362,W362a,W362b
W416@@DISABLE_RTL_DEADCODE@@no@@no
W416@@ENABLE_RTL_DEADCODE@@no@@no
W416@@HANDLE_ZERO_PADDING@@no@@no
W416@@IGNORE_NONSTATIC_COUNTER@@no@@no
W416@@NOCHECKOVERFLOW@@ImproperRangeIndex-ML,LINT_IMPROPER_RANGE_INDEX,MTK_ImproperRangeIndex@@ImproperRangeIndex-ML,LINT_IMPROPER_RANGE_INDEX,MTK_ImproperRangeIndex
W416@@REPORT_VIOLATION_TYPE@@both@@both
W416@@USE_LRM_WIDTH@@no@@no
W156@@IGNORE_CONCAT_EXPR@@no@@no
W156@@NO_STRICT@@@@
W156@@REPORT_ALL_CONNECTIONS@@no@@no
W156@@STRICT@@no@@no
W123@@CHECK_ASSERT@@no@@no
W123@@CHECKFULLRECORD@@no@@no
W123@@DISABLE_SIGNAL_USAGE_REPORT@@no@@no
W123@@DUMP_ARRAY_BITS@@no@@no
W123@@HANDLE_LARGE_BUS@@no@@no
W123@@IGNOREMODULEINSTANCE@@no@@yes
W123@@IGNORE_HIER_SCOPE_VAR@@no@@no
W123@@REPORT_ONLY_FROM_ONE_HIERARCHY@@no@@no
W123@@REPORT_STRUCT_NAME_ONLY@@no@@no
W123@@TRAVERSE_FUNCTION@@no@@no
W122@@ALLOW_CLK_IN_CONDITION@@no@@no
W122@@CONSIDERINOUTASOUTPUT@@no@@no
W122@@IGNORESEQPROCESS@@no@@no
W122@@NO_STRICT@@@@
W122@@REPORT_ALL_MESSAGES@@no@@no
W122@@SIMPLESENSE@@no@@no
W122@@STRICT@@no@@no
W116@@W116_VHDL_ONLY@@no@@no
W116@@CHECKOPERATOROVERLOAD@@yes@@yes
W116@@CHECK_COUNTER_ASSIGNMENT@@no@@no
W116@@CHECK_EXPLICIT_WIDTH@@no@@no
W116@@CHECK_GENVAR@@no@@no
W116@@CHECK_STATIC_VALUE@@no@@no
W116@@CONSIDER_SUB_AS_ADD@@W362,W362a,W362b@@W362,W362a,W362b
W116@@DISABLE_RTL_DEADCODE@@no@@no
W116@@ENABLE_RTL_DEADCODE@@no@@no
W116@@HANDLE_SHIFT_OP@@no@@no
W116@@IGNORE_FORLOOP_INDEXES@@no@@no
W116@@IGNORE_MULT_AND_DIV@@no@@no
W116@@IGNORE_NONSTATIC_COUNTER@@no@@no
W116@@IGNORE_SIGNED_EXPRESSIONS@@no@@no
W116@@NO_STRICT@@@@
W116@@NOCHECKOVERFLOW@@ImproperRangeIndex-ML,LINT_IMPROPER_RANGE_INDEX,MTK_ImproperRangeIndex@@yes
W116@@REPORT_EXPR_TYPE@@no@@no
W116@@REPORT_ONLY_BITWISE@@no@@no
W116@@REPORT_ONLY_FROM_ONE_HIERARCHY@@no@@no
W116@@REPORTCONSTASSIGN@@no@@no
W116@@SIGN_EXTEND_FUNC_NAMES@@EXTEND,resize@@EXTEND,resize
W116@@SKIP_FL_CHECK_ON_CONSTANT@@no@@no
W116@@STRICT@@no@@no
W116@@USE_CARRY_BIT@@W164a,W164b,W164b_b,W164b_b@@W164a,W164b,W164b_b,W164b_b
W116@@USE_LRM_WIDTH@@no@@no
W576@@IGNORE_CONDITIONAL_EXPRESSIONS@@no@@no
W576@@IGNORE_NON_VECTOR_SIGNALS@@no@@no
W576@@IGNORE_PARAMETERS@@no@@no
W527@@AVOID_SEQ_LOGIC@@no@@no
W502@@CHECK_IMPLICIT_SENSELIST@@no@@no
W502@@REPORT_ALL_MESSAGES@@no@@no
W499@@DISABLE_SIGNAL_USAGE_REPORT@@no@@no
W499@@HANDLE_LARGE_BUS@@no@@no
W499@@IGNORE_AUTO_FUNCTION_RETURN@@no@@no
W486@@CHECK_SHIFTED_WIDTH@@no@@no
W486@@DISABLE_RTL_DEADCODE@@no@@no
W486@@ENABLE_RTL_DEADCODE@@no@@no
W486@@NOCHECKOVERFLOW@@ImproperRangeIndex-ML,LINT_IMPROPER_RANGE_INDEX,MTK_ImproperRangeIndex@@ImproperRangeIndex-ML,LINT_IMPROPER_RANGE_INDEX,MTK_ImproperRangeIndex
W486@@PROCESS_COMPLETE_CONDOP@@no@@no
W486@@USE_LRM_WIDTH@@no@@no
W481a@@NO_STRICT@@@@
W481a@@STRICT@@no@@no
W479@@FLAG_COMPLEX_NODES@@no@@no
W479@@NO_STRICT@@@@
W479@@STRICT@@no@@no
W362@@CHECK_GENVAR@@no@@no
W362@@CHECK_PARAMETER@@no@@no
W362@@CHECK_SIGN_EXTEND@@no@@no
W362@@CHECK_STATIC_VALUE@@no@@no
W362@@CONSIDER_SUB_AS_ADD@@W362,W362a,W362b@@W362,W362a,W362b
W362@@DISABLE_RTL_DEADCODE@@no@@no
W362@@ENABLE_RTL_DEADCODE@@no@@no
W362@@HANDLE_ZERO_PADDING@@no@@no
W362@@IGNORE_FORLOOP_INDEXES@@no@@no
W362@@IGNORE_SIGNED_EXPRESSIONS@@no@@no
W362@@NO_STRICT@@@@
W362@@NOCHECKOVERFLOW@@ImproperRangeIndex-ML,LINT_IMPROPER_RANGE_INDEX,MTK_ImproperRangeIndex@@W362
W362@@REPORTCONSTASSIGN@@no@@no
W362@@SKIP_FL_CHECK_ON_CONSTANT@@no@@no
W362@@STRICT@@no@@no
W362@@USE_LRM_WIDTH@@no@@no
W343@@NO_STRICT@@@@
W343@@STRICT@@no@@no
W342@@NO_STRICT@@@@
W342@@STRICT@@no@@no
W337@@NO_STRICT@@@@
W337@@STRICT@@no@@no
W314@@ALLVIOL@@no@@no
W263@@CONSIDER_SUB_AS_ADD@@W362,W362a,W362b@@W362,W362a,W362b
W263@@HANDLE_STATIC_CASELABELS@@no@@no
W263@@IGNORE_INTEGER_CONSTANT_LABELS@@no@@no
W263@@IGNORE_WITHIN_RANGE_LABELS@@no@@no
W263@@NO_STRICT@@@@
W263@@NOCHECKOVERFLOW@@ImproperRangeIndex-ML,LINT_IMPROPER_RANGE_INDEX,MTK_ImproperRangeIndex@@yes
W263@@STRICT@@no@@no
W263@@USE_LRM_WIDTH@@no@@no
W193@@REPORT_IF_BLOCKS_ONLY@@no@@no
W193@@REPORT_SEMICOLON@@no@@no
W19@@NO_STRICT@@@@
W19@@STRICT@@no@@no
W163@@VERILINT_COMPAT@@no@@no
W110@@CHECK_CONCAT_MAX_WIDTH@@no@@no
W110@@CHECK_SHIFTED_ONLY@@no@@no
W110@@HANDLE_SHIFT_OP@@no@@no
W110@@HANDLE_ZERO_PADDING@@no@@no
W110@@NOCHECKOVERFLOW@@ImproperRangeIndex-ML,LINT_IMPROPER_RANGE_INDEX,MTK_ImproperRangeIndex@@yes
W110@@PROCESS_COMPLETE_CONDOP@@no@@no
W110@@REPORT_BLACKBOX_INST@@no@@no
W110@@USE_LRM_WIDTH@@no@@no
W339a@@DISABLE_RTL_DEADCODE@@no@@no
#FORMAL_ENABLE_TAG_LIST
#ALL_FORMAL_TAGS#
DeadCode-ML
DuplicateCaseLabel-ML
DuplicateNonStaticCaseLabel-ML
ExplicitSignedUnsignedExpr-ML
FsmLiveLock
ImproperRangeIndex-ML
LINT_FLOATING_BUS
LINT_INTERACTING_FSM
LINT_MULTIDRIVEN_BUS
LINT_NO_TOGGLE_SIGNAL
MissingCaseItems-ML
MissingFsmStateTransition
ModuleComplexityInfo-ML
NegativeIndex-ML
NegativeValueInfer-ML
NoAssignX-ML
NoExitFsmState
NonConstReset-ML
NotReachableFsmState
RegisterStuckInResetState-ML
STARC05-2.1.3.1
STARC05-2.10.3.2a
STARC05-2.2.3.3
SignedSysFuncUsage-ML
SignedUnsignedExpr-ML
UniqueIfMissingCond-ML
W110
W110_a
W110_b
W116
W164a
W164a_a
W164a_b
W263
W362 
W362a 
W362b 
W415a
W467
W551
W71
_HV_ImproperRangeIndex-ML
sim_race02
