#######################################################################################
# fsdb.xxxxx.log : log primitive debug message of FSDB Reader
# This is for R&D to analyze when there are issues happening when FSDB reading
# The corresponding FSDB file is /home/ltthinh/PSRAM_CTRL/sim/vcs/test_top.fsdb
#######################################################################################
[BASIC]Reader version : Chronologic Simulation VCS Release X-2025.06_Full64
[BASIC]simulator version : Chronologic Simulation VCS Release X-2025.06_Full64
[BASIC]dumper version : FSDB Dumper for VCS, Release Verdi_X-2025.06, Linux x86_64/64bit, 05/31/2025
Async open disabled.
[THREAD]The MTR thread count is 6
[THREAD]Secondary thread count: 2
[PERF]VC decompress count : 1
[PERF]VCChain decompress count : 1
[PERF]VC decompress count : 1
[PERF]VCChain decompress count : 3
[PERF]VC decompress count : 0
[PERF]VCChain decompress count : 1
[PERF]VC decompress count : 0
[PERF]VCChain decompress count : 1
[PERF]VC decompress count : 2
[PERF]VCChain decompress count : 4
[READSCOPE]ReadScopeTree calling time is 1
[READSCOPE]ReadScope_PartialLoad calling time is 0
[READSCOPE]Scope read by partial load count is 0
[READSCOPE]Scope read count is 2
[READSCOPE]Decompressed blk is 1
[MAXCHAIN]Decompressed cnt 10
[PERF]VC decompress count : 40
[PERF]VCChain decompress count : 3
[FSDBGate Info] start
[FSDBGate Info] Total fhdb_compute_count = 1718008
[FSDBGate Info] end
